time is: 1
httperf: warning: open file limit > FD_SETSIZE; limiting max. # of open files to FD_SETSIZE
httperf --client=0/1 --server=192.168.3.75 --port=80 --uri=/ --rate=150 --send-buffer=4096 --recv-buffer=16384 --num-conns=20000 --num-calls=1
Maximum connect burst length: 1

Total: connections 20000 requests 20000 replies 20000 test-duration 133.328 s

Connection rate: 150.0 conn/s (6.7 ms/conn, <=3 concurrent connections)
Connection time [ms]: min 0.8 avg 1.0 max 407.3 median 0.5 stddev 3.6
Connection time [ms]: connect 0.3
Connection length [replies/conn]: 1.000

Request rate: 150.0 req/s (6.7 ms/req)
Request size [B]: 65.0

Reply rate [replies/s]: min 149.8 avg 150.0 max 150.0 stddev 0.0 (26 samples)
Reply time [ms]: response 0.7 transfer 0.1
Reply size [B]: header 252.0 content 4897.0 footer 0.0 (total 5149.0)
Reply status: 1xx=0 2xx=0 3xx=0 4xx=20000 5xx=0

CPU time [s]: user 49.32 system 83.88 (user 37.0% system 62.9% total 99.9%)
Net I/O: 763.8 KB/s (6.3*10^6 bps)

Errors: total 0 client-timo 0 socket-timo 0 connrefused 0 connreset 0
Errors: fd-unavail 0 addrunavail 0 ftab-full 0 other 0
time is: 2
httperf: warning: open file limit > FD_SETSIZE; limiting max. # of open files to FD_SETSIZE
httperf --client=0/1 --server=192.168.3.75 --port=80 --uri=/ --rate=200 --send-buffer=4096 --recv-buffer=16384 --num-conns=20000 --num-calls=1
Maximum connect burst length: 1

Total: connections 20000 requests 20000 replies 20000 test-duration 99.999 s

Connection rate: 200.0 conn/s (5.0 ms/conn, <=4 concurrent connections)
Connection time [ms]: min 0.7 avg 1.1 max 212.2 median 1.5 stddev 2.1
Connection time [ms]: connect 0.3
Connection length [replies/conn]: 1.000

Request rate: 200.0 req/s (5.0 ms/req)
Request size [B]: 65.0

Reply rate [replies/s]: min 199.8 avg 200.0 max 200.2 stddev 0.1 (20 samples)
Reply time [ms]: response 0.7 transfer 0.0
Reply size [B]: header 252.0 content 4897.0 footer 0.0 (total 5149.0)
Reply status: 1xx=0 2xx=0 3xx=0 4xx=20000 5xx=0

CPU time [s]: user 36.48 system 63.45 (user 36.5% system 63.5% total 99.9%)
Net I/O: 1018.4 KB/s (8.3*10^6 bps)

Errors: total 0 client-timo 0 socket-timo 0 connrefused 0 connreset 0
Errors: fd-unavail 0 addrunavail 0 ftab-full 0 other 0
time is: 3
httperf: warning: open file limit > FD_SETSIZE; limiting max. # of open files to FD_SETSIZE
httperf --client=0/1 --server=192.168.3.75 --port=80 --uri=/ --rate=250 --send-buffer=4096 --recv-buffer=16384 --num-conns=20000 --num-calls=1
Maximum connect burst length: 3

Total: connections 20000 requests 20000 replies 20000 test-duration 79.996 s

Connection rate: 250.0 conn/s (4.0 ms/conn, <=5 concurrent connections)
Connection time [ms]: min 0.5 avg 1.0 max 201.3 median 0.5 stddev 2.5
Connection time [ms]: connect 0.3
Connection length [replies/conn]: 1.000

Request rate: 250.0 req/s (4.0 ms/req)
Request size [B]: 65.0

Reply rate [replies/s]: min 249.8 avg 250.0 max 250.0 stddev 0.1 (16 samples)
Reply time [ms]: response 0.7 transfer 0.1
Reply size [B]: header 252.0 content 4897.0 footer 0.0 (total 5149.0)
Reply status: 1xx=0 2xx=0 3xx=0 4xx=20000 5xx=0

CPU time [s]: user 29.33 system 50.57 (user 36.7% system 63.2% total 99.9%)
Net I/O: 1273.0 KB/s (10.4*10^6 bps)

Errors: total 0 client-timo 0 socket-timo 0 connrefused 0 connreset 0
Errors: fd-unavail 0 addrunavail 0 ftab-full 0 other 0
time is: 4
httperf: warning: open file limit > FD_SETSIZE; limiting max. # of open files to FD_SETSIZE
httperf --client=0/1 --server=192.168.3.75 --port=80 --uri=/ --rate=300 --send-buffer=4096 --recv-buffer=16384 --num-conns=20000 --num-calls=1
Maximum connect burst length: 1

Total: connections 20000 requests 20000 replies 20000 test-duration 66.665 s

Connection rate: 300.0 conn/s (3.3 ms/conn, <=8 concurrent connections)
Connection time [ms]: min 0.8 avg 1.0 max 201.3 median 0.5 stddev 1.7
Connection time [ms]: connect 0.3
Connection length [replies/conn]: 1.000

Request rate: 300.0 req/s (3.3 ms/req)
Request size [B]: 65.0

Reply rate [replies/s]: min 299.8 avg 300.0 max 300.0 stddev 0.1 (13 samples)
Reply time [ms]: response 0.7 transfer 0.1
Reply size [B]: header 252.0 content 4897.0 footer 0.0 (total 5149.0)
Reply status: 1xx=0 2xx=0 3xx=0 4xx=20000 5xx=0

CPU time [s]: user 23.85 system 42.79 (user 35.8% system 64.2% total 100.0%)
Net I/O: 1527.6 KB/s (12.5*10^6 bps)

Errors: total 0 client-timo 0 socket-timo 0 connrefused 0 connreset 0
Errors: fd-unavail 0 addrunavail 0 ftab-full 0 other 0
time is: 5
httperf: warning: open file limit > FD_SETSIZE; limiting max. # of open files to FD_SETSIZE
httperf --client=0/1 --server=192.168.3.75 --port=80 --uri=/ --rate=350 --send-buffer=4096 --recv-buffer=16384 --num-conns=20000 --num-calls=1
Maximum connect burst length: 1

Total: connections 20000 requests 20000 replies 20000 test-duration 57.143 s

Connection rate: 350.0 conn/s (2.9 ms/conn, <=8 concurrent connections)
Connection time [ms]: min 0.7 avg 1.0 max 23.0 median 0.5 stddev 0.8
Connection time [ms]: connect 0.3
Connection length [replies/conn]: 1.000

Request rate: 350.0 req/s (2.9 ms/req)
Request size [B]: 65.0

Reply rate [replies/s]: min 349.8 avg 350.0 max 350.0 stddev 0.1 (11 samples)
Reply time [ms]: response 0.7 transfer 0.0
Reply size [B]: header 252.0 content 4897.0 footer 0.0 (total 5149.0)
Reply status: 1xx=0 2xx=0 3xx=0 4xx=20000 5xx=0

CPU time [s]: user 20.51 system 36.59 (user 35.9% system 64.0% total 99.9%)
Net I/O: 1782.1 KB/s (14.6*10^6 bps)

Errors: total 0 client-timo 0 socket-timo 0 connrefused 0 connreset 0
Errors: fd-unavail 0 addrunavail 0 ftab-full 0 other 0
time is: 6
httperf: warning: open file limit > FD_SETSIZE; limiting max. # of open files to FD_SETSIZE
httperf --client=0/1 --server=192.168.3.75 --port=80 --uri=/ --rate=400 --send-buffer=4096 --recv-buffer=16384 --num-conns=20000 --num-calls=1
Maximum connect burst length: 1

Total: connections 20000 requests 20000 replies 20000 test-duration 50.000 s

Connection rate: 400.0 conn/s (2.5 ms/conn, <=23 concurrent connections)
Connection time [ms]: min 0.8 avg 1.3 max 201.3 median 1.5 stddev 3.2
Connection time [ms]: connect 0.3
Connection length [replies/conn]: 1.000

Request rate: 400.0 req/s (2.5 ms/req)
Request size [B]: 65.0

Reply rate [replies/s]: min 399.8 avg 400.0 max 400.2 stddev 0.1 (10 samples)
Reply time [ms]: response 0.9 transfer 0.0
Reply size [B]: header 252.0 content 4897.0 footer 0.0 (total 5149.0)
Reply status: 1xx=0 2xx=0 3xx=0 4xx=20000 5xx=0

CPU time [s]: user 17.79 system 32.18 (user 35.6% system 64.4% total 99.9%)
Net I/O: 2036.7 KB/s (16.7*10^6 bps)

Errors: total 0 client-timo 0 socket-timo 0 connrefused 0 connreset 0
Errors: fd-unavail 0 addrunavail 0 ftab-full 0 other 0
time is: 7
httperf: warning: open file limit > FD_SETSIZE; limiting max. # of open files to FD_SETSIZE
httperf --client=0/1 --server=192.168.3.75 --port=80 --uri=/ --rate=450 --send-buffer=4096 --recv-buffer=16384 --num-conns=20000 --num-calls=1
Maximum connect burst length: 2

Total: connections 20000 requests 20000 replies 20000 test-duration 44.446 s

Connection rate: 450.0 conn/s (2.2 ms/conn, <=25 concurrent connections)
Connection time [ms]: min 0.6 avg 1.2 max 200.2 median 1.5 stddev 2.9
Connection time [ms]: connect 0.3
Connection length [replies/conn]: 1.000

Request rate: 450.0 req/s (2.2 ms/req)
Request size [B]: 65.0

Reply rate [replies/s]: min 449.8 avg 450.0 max 450.2 stddev 0.1 (8 samples)
Reply time [ms]: response 0.9 transfer 0.0
Reply size [B]: header 252.0 content 4897.0 footer 0.0 (total 5149.0)
Reply status: 1xx=0 2xx=0 3xx=0 4xx=20000 5xx=0

CPU time [s]: user 15.45 system 28.96 (user 34.8% system 65.2% total 99.9%)
Net I/O: 2291.2 KB/s (18.8*10^6 bps)

Errors: total 0 client-timo 0 socket-timo 0 connrefused 0 connreset 0
Errors: fd-unavail 0 addrunavail 0 ftab-full 0 other 0
time is: 8
httperf: warning: open file limit > FD_SETSIZE; limiting max. # of open files to FD_SETSIZE
httperf --client=0/1 --server=192.168.3.75 --port=80 --uri=/ --rate=500 --send-buffer=4096 --recv-buffer=16384 --num-conns=20000 --num-calls=1
Maximum connect burst length: 4

Total: connections 20000 requests 20000 replies 20000 test-duration 40.001 s

Connection rate: 500.0 conn/s (2.0 ms/conn, <=31 concurrent connections)
Connection time [ms]: min 0.8 avg 1.4 max 201.3 median 0.5 stddev 4.2
Connection time [ms]: connect 0.3
Connection length [replies/conn]: 1.000

Request rate: 500.0 req/s (2.0 ms/req)
Request size [B]: 65.0

Reply rate [replies/s]: min 499.8 avg 500.0 max 500.0 stddev 0.1 (8 samples)
Reply time [ms]: response 1.0 transfer 0.0
Reply size [B]: header 252.0 content 4897.0 footer 0.0 (total 5149.0)
Reply status: 1xx=0 2xx=0 3xx=0 4xx=20000 5xx=0

CPU time [s]: user 13.79 system 26.14 (user 34.5% system 65.3% total 99.8%)
Net I/O: 2545.8 KB/s (20.9*10^6 bps)

Errors: total 0 client-timo 0 socket-timo 0 connrefused 0 connreset 0
Errors: fd-unavail 0 addrunavail 0 ftab-full 0 other 0
time is: 9
httperf: warning: open file limit > FD_SETSIZE; limiting max. # of open files to FD_SETSIZE
httperf --client=0/1 --server=192.168.3.75 --port=80 --uri=/ --rate=550 --send-buffer=4096 --recv-buffer=16384 --num-conns=20000 --num-calls=1
Maximum connect burst length: 1

Total: connections 20000 requests 20000 replies 20000 test-duration 36.363 s

Connection rate: 550.0 conn/s (1.8 ms/conn, <=44 concurrent connections)
Connection time [ms]: min 0.8 avg 1.4 max 1002.5 median 1.5 stddev 9.0
Connection time [ms]: connect 0.3
Connection length [replies/conn]: 1.000

Request rate: 550.0 req/s (1.8 ms/req)
Request size [B]: 65.0

Reply rate [replies/s]: min 549.8 avg 550.0 max 550.0 stddev 0.1 (7 samples)
Reply time [ms]: response 1.1 transfer 0.0
Reply size [B]: header 252.0 content 4897.0 footer 0.0 (total 5149.0)
Reply status: 1xx=0 2xx=0 3xx=0 4xx=20000 5xx=0

CPU time [s]: user 12.38 system 23.96 (user 34.0% system 65.9% total 99.9%)
Net I/O: 2800.5 KB/s (22.9*10^6 bps)

Errors: total 0 client-timo 0 socket-timo 0 connrefused 0 connreset 0
Errors: fd-unavail 0 addrunavail 0 ftab-full 0 other 0
time is: 10
httperf: warning: open file limit > FD_SETSIZE; limiting max. # of open files to FD_SETSIZE
httperf --client=0/1 --server=192.168.3.75 --port=80 --uri=/ --rate=600 --send-buffer=4096 --recv-buffer=16384 --num-conns=20000 --num-calls=1
Maximum connect burst length: 1

Total: connections 20000 requests 20000 replies 20000 test-duration 33.336 s

Connection rate: 600.0 conn/s (1.7 ms/conn, <=17 concurrent connections)
Connection time [ms]: min 0.8 avg 2.5 max 35.3 median 1.5 stddev 2.9
Connection time [ms]: connect 0.3
Connection length [replies/conn]: 1.000

Request rate: 600.0 req/s (1.7 ms/req)
Request size [B]: 65.0

Reply rate [replies/s]: min 599.4 avg 599.8 max 600.2 stddev 0.3 (6 samples)
Reply time [ms]: response 2.1 transfer 0.0
Reply size [B]: header 252.0 content 4897.0 footer 0.0 (total 5149.0)
Reply status: 1xx=0 2xx=0 3xx=0 4xx=20000 5xx=0

CPU time [s]: user 10.80 system 22.52 (user 32.4% system 67.5% total 99.9%)
Net I/O: 3054.9 KB/s (25.0*10^6 bps)

Errors: total 0 client-timo 0 socket-timo 0 connrefused 0 connreset 0
Errors: fd-unavail 0 addrunavail 0 ftab-full 0 other 0
time is: 11
httperf: warning: open file limit > FD_SETSIZE; limiting max. # of open files to FD_SETSIZE
httperf --client=0/1 --server=192.168.3.75 --port=80 --uri=/ --rate=650 --send-buffer=4096 --recv-buffer=16384 --num-conns=40000 --num-calls=1
Maximum connect burst length: 3

Total: connections 40000 requests 40000 replies 40000 test-duration 61.541 s

Connection rate: 650.0 conn/s (1.5 ms/conn, <=21 concurrent connections)
Connection time [ms]: min 0.4 avg 1.2 max 201.7 median 1.5 stddev 1.9
Connection time [ms]: connect 0.3
Connection length [replies/conn]: 1.000

Request rate: 650.0 req/s (1.5 ms/req)
Request size [B]: 65.0

Reply rate [replies/s]: min 649.8 avg 650.0 max 650.0 stddev 0.1 (12 samples)
Reply time [ms]: response 0.9 transfer 0.0
Reply size [B]: header 252.0 content 4897.0 footer 0.0 (total 5149.0)
Reply status: 1xx=0 2xx=0 3xx=0 4xx=40000 5xx=0

CPU time [s]: user 20.90 system 40.60 (user 34.0% system 66.0% total 99.9%)
Net I/O: 3309.6 KB/s (27.1*10^6 bps)

Errors: total 0 client-timo 0 socket-timo 0 connrefused 0 connreset 0
Errors: fd-unavail 0 addrunavail 0 ftab-full 0 other 0
time is: 12
httperf: warning: open file limit > FD_SETSIZE; limiting max. # of open files to FD_SETSIZE
httperf --client=0/1 --server=192.168.3.75 --port=80 --uri=/ --rate=700 --send-buffer=4096 --recv-buffer=16384 --num-conns=40000 --num-calls=1
Maximum connect burst length: 2

Total: connections 40000 requests 40000 replies 40000 test-duration 57.145 s

Connection rate: 700.0 conn/s (1.4 ms/conn, <=34 concurrent connections)
Connection time [ms]: min 0.4 avg 1.3 max 52.6 median 1.5 stddev 2.0
Connection time [ms]: connect 0.3
Connection length [replies/conn]: 1.000

Request rate: 700.0 req/s (1.4 ms/req)
Request size [B]: 65.0

Reply rate [replies/s]: min 699.7 avg 700.0 max 700.1 stddev 0.1 (11 samples)
Reply time [ms]: response 0.9 transfer 0.0
Reply size [B]: header 252.0 content 4897.0 footer 0.0 (total 5149.0)
Reply status: 1xx=0 2xx=0 3xx=0 4xx=40000 5xx=0

CPU time [s]: user 19.07 system 38.03 (user 33.4% system 66.6% total 99.9%)
Net I/O: 3564.1 KB/s (29.2*10^6 bps)

Errors: total 0 client-timo 0 socket-timo 0 connrefused 0 connreset 0
Errors: fd-unavail 0 addrunavail 0 ftab-full 0 other 0
time is: 13
httperf: warning: open file limit > FD_SETSIZE; limiting max. # of open files to FD_SETSIZE
httperf --client=0/1 --server=192.168.3.75 --port=80 --uri=/ --rate=750 --send-buffer=4096 --recv-buffer=16384 --num-conns=40000 --num-calls=1
Maximum connect burst length: 7

Total: connections 40000 requests 40000 replies 40000 test-duration 53.330 s

Connection rate: 750.0 conn/s (1.3 ms/conn, <=40 concurrent connections)
Connection time [ms]: min 0.3 avg 1.4 max 202.5 median 1.5 stddev 3.1
Connection time [ms]: connect 0.3
Connection length [replies/conn]: 1.000

Request rate: 750.0 req/s (1.3 ms/req)
Request size [B]: 65.0

Reply rate [replies/s]: min 749.9 avg 750.0 max 750.1 stddev 0.0 (10 samples)
Reply time [ms]: response 1.0 transfer 0.0
Reply size [B]: header 252.0 content 4897.0 footer 0.0 (total 5149.0)
Reply status: 1xx=0 2xx=0 3xx=0 4xx=40000 5xx=0

CPU time [s]: user 17.68 system 35.56 (user 33.1% system 66.7% total 99.8%)
Net I/O: 3819.1 KB/s (31.3*10^6 bps)

Errors: total 0 client-timo 0 socket-timo 0 connrefused 0 connreset 0
Errors: fd-unavail 0 addrunavail 0 ftab-full 0 other 0
time is: 14
httperf: warning: open file limit > FD_SETSIZE; limiting max. # of open files to FD_SETSIZE
httperf --client=0/1 --server=192.168.3.75 --port=80 --uri=/ --rate=800 --send-buffer=4096 --recv-buffer=16384 --num-conns=40000 --num-calls=1
Maximum connect burst length: 3

Total: connections 40000 requests 40000 replies 40000 test-duration 50.002 s

Connection rate: 800.0 conn/s (1.3 ms/conn, <=45 concurrent connections)
Connection time [ms]: min 0.8 avg 1.4 max 61.2 median 1.5 stddev 2.2
Connection time [ms]: connect 0.3
Connection length [replies/conn]: 1.000

Request rate: 800.0 req/s (1.3 ms/req)
Request size [B]: 65.0

Reply rate [replies/s]: min 799.3 avg 799.9 max 800.3 stddev 0.3 (10 samples)
Reply time [ms]: response 1.0 transfer 0.0
Reply size [B]: header 252.0 content 4897.0 footer 0.0 (total 5149.0)
Reply status: 1xx=0 2xx=0 3xx=0 4xx=40000 5xx=0

CPU time [s]: user 16.38 system 33.58 (user 32.8% system 67.2% total 99.9%)
Net I/O: 4073.3 KB/s (33.4*10^6 bps)

Errors: total 0 client-timo 0 socket-timo 0 connrefused 0 connreset 0
Errors: fd-unavail 0 addrunavail 0 ftab-full 0 other 0
time is: 15
httperf: warning: open file limit > FD_SETSIZE; limiting max. # of open files to FD_SETSIZE
httperf --client=0/1 --server=192.168.3.75 --port=80 --uri=/ --rate=850 --send-buffer=4096 --recv-buffer=16384 --num-conns=40000 --num-calls=1
Maximum connect burst length: 2

Total: connections 40000 requests 40000 replies 40000 test-duration 47.055 s

Connection rate: 850.1 conn/s (1.2 ms/conn, <=30 concurrent connections)
Connection time [ms]: min 0.8 avg 1.8 max 200.6 median 1.5 stddev 2.7
Connection time [ms]: connect 0.3
Connection length [replies/conn]: 1.000

Request rate: 850.1 req/s (1.2 ms/req)
Request size [B]: 65.0

Reply rate [replies/s]: min 849.1 avg 850.0 max 850.9 stddev 0.5 (9 samples)
Reply time [ms]: response 1.4 transfer 0.0
Reply size [B]: header 252.0 content 4897.0 footer 0.0 (total 5149.0)
Reply status: 1xx=0 2xx=0 3xx=0 4xx=40000 5xx=0

CPU time [s]: user 14.80 system 32.22 (user 31.5% system 68.5% total 99.9%)
Net I/O: 4328.4 KB/s (35.5*10^6 bps)

Errors: total 0 client-timo 0 socket-timo 0 connrefused 0 connreset 0
Errors: fd-unavail 0 addrunavail 0 ftab-full 0 other 0
time is: 16
httperf: warning: open file limit > FD_SETSIZE; limiting max. # of open files to FD_SETSIZE
httperf --client=0/1 --server=192.168.3.75 --port=80 --uri=/ --rate=900 --send-buffer=4096 --recv-buffer=16384 --num-conns=40000 --num-calls=1
Maximum connect burst length: 3

Total: connections 40000 requests 40000 replies 40000 test-duration 44.442 s

Connection rate: 900.1 conn/s (1.1 ms/conn, <=32 concurrent connections)
Connection time [ms]: min 0.8 avg 1.3 max 48.3 median 1.5 stddev 1.8
Connection time [ms]: connect 0.3
Connection length [replies/conn]: 1.000

Request rate: 900.1 req/s (1.1 ms/req)
Request size [B]: 65.0

Reply rate [replies/s]: min 899.7 avg 900.0 max 900.3 stddev 0.2 (8 samples)
Reply time [ms]: response 1.0 transfer 0.0
Reply size [B]: header 252.0 content 4897.0 footer 0.0 (total 5149.0)
Reply status: 1xx=0 2xx=0 3xx=0 4xx=40000 5xx=0

CPU time [s]: user 14.01 system 30.40 (user 31.5% system 68.4% total 99.9%)
Net I/O: 4582.9 KB/s (37.5*10^6 bps)

Errors: total 0 client-timo 0 socket-timo 0 connrefused 0 connreset 0
Errors: fd-unavail 0 addrunavail 0 ftab-full 0 other 0
time is: 17
httperf: warning: open file limit > FD_SETSIZE; limiting max. # of open files to FD_SETSIZE
httperf --client=0/1 --server=192.168.3.75 --port=80 --uri=/ --rate=950 --send-buffer=4096 --recv-buffer=16384 --num-conns=40000 --num-calls=1
Maximum connect burst length: 1

Total: connections 40000 requests 40000 replies 40000 test-duration 42.105 s

Connection rate: 950.0 conn/s (1.1 ms/conn, <=60 concurrent connections)
Connection time [ms]: min 0.8 avg 1.6 max 68.6 median 1.5 stddev 3.9
Connection time [ms]: connect 0.3
Connection length [replies/conn]: 1.000

Request rate: 950.0 req/s (1.1 ms/req)
Request size [B]: 65.0

Reply rate [replies/s]: min 949.7 avg 950.0 max 950.1 stddev 0.1 (8 samples)
Reply time [ms]: response 1.2 transfer 0.0
Reply size [B]: header 252.0 content 4897.0 footer 0.0 (total 5149.0)
Reply status: 1xx=0 2xx=0 3xx=0 4xx=40000 5xx=0

CPU time [s]: user 13.30 system 28.77 (user 31.6% system 68.3% total 99.9%)
Net I/O: 4837.2 KB/s (39.6*10^6 bps)

Errors: total 0 client-timo 0 socket-timo 0 connrefused 0 connreset 0
Errors: fd-unavail 0 addrunavail 0 ftab-full 0 other 0
time is: 18
httperf: warning: open file limit > FD_SETSIZE; limiting max. # of open files to FD_SETSIZE
httperf --client=0/1 --server=192.168.3.75 --port=80 --uri=/ --rate=1000 --send-buffer=4096 --recv-buffer=16384 --num-conns=40000 --num-calls=1
Maximum connect burst length: 2

Total: connections 40000 requests 40000 replies 40000 test-duration 39.998 s

Connection rate: 1000.0 conn/s (1.0 ms/conn, <=89 concurrent connections)
Connection time [ms]: min 0.7 avg 1.6 max 91.6 median 1.5 stddev 4.8
Connection time [ms]: connect 0.4
Connection length [replies/conn]: 1.000

Request rate: 1000.0 req/s (1.0 ms/req)
Request size [B]: 65.0

Reply rate [replies/s]: min 999.7 avg 1000.0 max 1000.1 stddev 0.1 (8 samples)
Reply time [ms]: response 1.2 transfer 0.0
Reply size [B]: header 252.0 content 4897.0 footer 0.0 (total 5149.0)
Reply status: 1xx=0 2xx=0 3xx=0 4xx=40000 5xx=0

CPU time [s]: user 12.54 system 27.43 (user 31.4% system 68.6% total 99.9%)
Net I/O: 5092.1 KB/s (41.7*10^6 bps)

Errors: total 0 client-timo 0 socket-timo 0 connrefused 0 connreset 0
Errors: fd-unavail 0 addrunavail 0 ftab-full 0 other 0
time is: 19
httperf: warning: open file limit > FD_SETSIZE; limiting max. # of open files to FD_SETSIZE
httperf --client=0/1 --server=192.168.3.75 --port=80 --uri=/ --rate=1050 --send-buffer=4096 --recv-buffer=16384 --num-conns=40000 --num-calls=1
Maximum connect burst length: 8

Total: connections 40000 requests 40000 replies 40000 test-duration 38.100 s

Connection rate: 1049.9 conn/s (1.0 ms/conn, <=96 concurrent connections)
Connection time [ms]: min 0.8 avg 1.7 max 98.6 median 1.5 stddev 5.0
Connection time [ms]: connect 0.4
Connection length [replies/conn]: 1.000

Request rate: 1049.9 req/s (1.0 ms/req)
Request size [B]: 65.0

Reply rate [replies/s]: min 1049.5 avg 1049.9 max 1050.1 stddev 0.2 (7 samples)
Reply time [ms]: response 1.3 transfer 0.0
Reply size [B]: header 252.0 content 4897.0 footer 0.0 (total 5149.0)
Reply status: 1xx=0 2xx=0 3xx=0 4xx=40000 5xx=0

CPU time [s]: user 11.82 system 26.20 (user 31.0% system 68.8% total 99.8%)
Net I/O: 5345.7 KB/s (43.8*10^6 bps)

Errors: total 0 client-timo 0 socket-timo 0 connrefused 0 connreset 0
Errors: fd-unavail 0 addrunavail 0 ftab-full 0 other 0
time is: 20
httperf: warning: open file limit > FD_SETSIZE; limiting max. # of open files to FD_SETSIZE
httperf --client=0/1 --server=192.168.3.75 --port=80 --uri=/ --rate=1100 --send-buffer=4096 --recv-buffer=16384 --num-conns=40000 --num-calls=1
Maximum connect burst length: 2

Total: connections 40000 requests 40000 replies 40000 test-duration 36.368 s

Connection rate: 1099.9 conn/s (0.9 ms/conn, <=107 concurrent connections)
Connection time [ms]: min 0.9 avg 2.0 max 1005.0 median 1.5 stddev 9.5
Connection time [ms]: connect 0.4
Connection length [replies/conn]: 1.000

Request rate: 1099.9 req/s (0.9 ms/req)
Request size [B]: 65.0

Reply rate [replies/s]: min 1099.7 avg 1099.9 max 1100.1 stddev 0.1 (7 samples)
Reply time [ms]: response 1.6 transfer 0.0
Reply size [B]: header 252.0 content 4897.0 footer 0.0 (total 5149.0)
Reply status: 1xx=0 2xx=0 3xx=0 4xx=40000 5xx=0

CPU time [s]: user 11.05 system 25.29 (user 30.4% system 69.5% total 99.9%)
Net I/O: 5600.4 KB/s (45.9*10^6 bps)

Errors: total 0 client-timo 0 socket-timo 0 connrefused 0 connreset 0
Errors: fd-unavail 0 addrunavail 0 ftab-full 0 other 0
time is: 21
httperf: warning: open file limit > FD_SETSIZE; limiting max. # of open files to FD_SETSIZE
httperf --client=0/1 --server=192.168.3.75 --port=80 --uri=/ --rate=1150 --send-buffer=4096 --recv-buffer=16384 --num-conns=80000 --num-calls=1
Maximum connect burst length: 5

Total: connections 80000 requests 80000 replies 80000 test-duration 69.562 s

Connection rate: 1150.1 conn/s (0.9 ms/conn, <=103 concurrent connections)
Connection time [ms]: min 0.8 avg 2.2 max 201.8 median 1.5 stddev 6.0
Connection time [ms]: connect 0.4
Connection length [replies/conn]: 1.000

Request rate: 1150.1 req/s (0.9 ms/req)
Request size [B]: 65.0

Reply rate [replies/s]: min 1149.3 avg 1150.0 max 1150.9 stddev 0.3 (13 samples)
Reply time [ms]: response 1.8 transfer 0.0
Reply size [B]: header 252.0 content 4897.0 footer 0.0 (total 5149.0)
Reply status: 1xx=0 2xx=0 3xx=0 4xx=80000 5xx=0

CPU time [s]: user 20.77 system 48.73 (user 29.9% system 70.1% total 99.9%)
Net I/O: 5855.8 KB/s (48.0*10^6 bps)

Errors: total 0 client-timo 0 socket-timo 0 connrefused 0 connreset 0
Errors: fd-unavail 0 addrunavail 0 ftab-full 0 other 0
time is: 22
httperf: warning: open file limit > FD_SETSIZE; limiting max. # of open files to FD_SETSIZE
httperf --client=0/1 --server=192.168.3.75 --port=80 --uri=/ --rate=1200 --send-buffer=4096 --recv-buffer=16384 --num-conns=80000 --num-calls=1
Maximum connect burst length: 6

Total: connections 80000 requests 80000 replies 80000 test-duration 66.662 s

Connection rate: 1200.1 conn/s (0.8 ms/conn, <=119 concurrent connections)
Connection time [ms]: min 0.4 avg 1.9 max 202.7 median 1.5 stddev 5.4
Connection time [ms]: connect 0.4
Connection length [replies/conn]: 1.000

Request rate: 1200.1 req/s (0.8 ms/req)
Request size [B]: 65.0

Reply rate [replies/s]: min 1199.7 avg 1200.1 max 1200.5 stddev 0.2 (13 samples)
Reply time [ms]: response 1.5 transfer 0.0
Reply size [B]: header 252.0 content 4897.0 footer 0.0 (total 5149.0)
Reply status: 1xx=0 2xx=0 3xx=0 4xx=80000 5xx=0

CPU time [s]: user 20.29 system 46.32 (user 30.4% system 69.5% total 99.9%)
Net I/O: 6110.6 KB/s (50.1*10^6 bps)

Errors: total 0 client-timo 0 socket-timo 0 connrefused 0 connreset 0
Errors: fd-unavail 0 addrunavail 0 ftab-full 0 other 0
time is: 23
httperf: warning: open file limit > FD_SETSIZE; limiting max. # of open files to FD_SETSIZE
httperf --client=0/1 --server=192.168.3.75 --port=80 --uri=/ --rate=1250 --send-buffer=4096 --recv-buffer=16384 --num-conns=80000 --num-calls=1
Maximum connect burst length: 17

Total: connections 80000 requests 80000 replies 80000 test-duration 63.992 s

Connection rate: 1250.1 conn/s (0.8 ms/conn, <=138 concurrent connections)
Connection time [ms]: min 0.9 avg 2.1 max 212.7 median 1.5 stddev 6.9
Connection time [ms]: connect 0.4
Connection length [replies/conn]: 1.000

Request rate: 1250.1 req/s (0.8 ms/req)
Request size [B]: 65.0

Reply rate [replies/s]: min 1249.7 avg 1250.1 max 1250.3 stddev 0.2 (12 samples)
Reply time [ms]: response 1.7 transfer 0.0
Reply size [B]: header 252.0 content 4897.0 footer 0.0 (total 5149.0)
Reply status: 1xx=0 2xx=0 3xx=0 4xx=80000 5xx=0

CPU time [s]: user 18.99 system 44.94 (user 29.7% system 70.2% total 99.9%)
Net I/O: 6365.5 KB/s (52.1*10^6 bps)

Errors: total 0 client-timo 0 socket-timo 0 connrefused 0 connreset 0
Errors: fd-unavail 0 addrunavail 0 ftab-full 0 other 0
time is: 24
httperf: warning: open file limit > FD_SETSIZE; limiting max. # of open files to FD_SETSIZE
httperf --client=0/1 --server=192.168.3.75 --port=80 --uri=/ --rate=1300 --send-buffer=4096 --recv-buffer=16384 --num-conns=80000 --num-calls=1
Maximum connect burst length: 10

Total: connections 80000 requests 80000 replies 80000 test-duration 61.532 s

Connection rate: 1300.1 conn/s (0.8 ms/conn, <=125 concurrent connections)
Connection time [ms]: min 0.5 avg 2.5 max 108.6 median 1.5 stddev 6.0
Connection time [ms]: connect 0.4
Connection length [replies/conn]: 1.000

Request rate: 1300.1 req/s (0.8 ms/req)
Request size [B]: 65.0

Reply rate [replies/s]: min 1299.7 avg 1300.1 max 1300.5 stddev 0.2 (12 samples)
Reply time [ms]: response 2.1 transfer 0.0
Reply size [B]: header 252.0 content 4897.0 footer 0.0 (total 5149.0)
Reply status: 1xx=0 2xx=0 3xx=0 4xx=80000 5xx=0

CPU time [s]: user 17.45 system 43.97 (user 28.4% system 71.5% total 99.8%)
Net I/O: 6620.0 KB/s (54.2*10^6 bps)

Errors: total 0 client-timo 0 socket-timo 0 connrefused 0 connreset 0
Errors: fd-unavail 0 addrunavail 0 ftab-full 0 other 0
time is: 25
httperf: warning: open file limit > FD_SETSIZE; limiting max. # of open files to FD_SETSIZE
httperf --client=0/1 --server=192.168.3.75 --port=80 --uri=/ --rate=1350 --send-buffer=4096 --recv-buffer=16384 --num-conns=80000 --num-calls=1
Maximum connect burst length: 5

Total: connections 80000 requests 80000 replies 80000 test-duration 59.263 s

Connection rate: 1349.9 conn/s (0.7 ms/conn, <=167 concurrent connections)
Connection time [ms]: min 0.7 avg 2.6 max 132.1 median 1.5 stddev 8.7
Connection time [ms]: connect 0.4
Connection length [replies/conn]: 1.000

Request rate: 1349.9 req/s (0.7 ms/req)
Request size [B]: 65.0

Reply rate [replies/s]: min 1349.1 avg 1349.9 max 1350.9 stddev 0.5 (11 samples)
Reply time [ms]: response 2.2 transfer 0.0
Reply size [B]: header 252.0 content 4897.0 footer 0.0 (total 5149.0)
Reply status: 1xx=0 2xx=0 3xx=0 4xx=80000 5xx=0

CPU time [s]: user 17.24 system 41.97 (user 29.1% system 70.8% total 99.9%)
Net I/O: 6873.5 KB/s (56.3*10^6 bps)

Errors: total 0 client-timo 0 socket-timo 0 connrefused 0 connreset 0
Errors: fd-unavail 0 addrunavail 0 ftab-full 0 other 0
time is: 26
httperf: warning: open file limit > FD_SETSIZE; limiting max. # of open files to FD_SETSIZE
httperf --client=0/1 --server=192.168.3.75 --port=80 --uri=/ --rate=1400 --send-buffer=4096 --recv-buffer=16384 --num-conns=80000 --num-calls=1
Maximum connect burst length: 6

Total: connections 80000 requests 80000 replies 80000 test-duration 57.146 s

Connection rate: 1399.9 conn/s (0.7 ms/conn, <=170 concurrent connections)
Connection time [ms]: min 0.9 avg 2.6 max 126.1 median 1.5 stddev 7.9
Connection time [ms]: connect 0.4
Connection length [replies/conn]: 1.000

Request rate: 1399.9 req/s (0.7 ms/req)
Request size [B]: 65.0

Reply rate [replies/s]: min 1399.5 avg 1399.9 max 1400.3 stddev 0.3 (11 samples)
Reply time [ms]: response 2.2 transfer 0.0
Reply size [B]: header 252.0 content 4897.0 footer 0.0 (total 5149.0)
Reply status: 1xx=0 2xx=0 3xx=0 4xx=80000 5xx=0

CPU time [s]: user 16.29 system 40.81 (user 28.5% system 71.4% total 99.9%)
Net I/O: 7128.1 KB/s (58.4*10^6 bps)

Errors: total 0 client-timo 0 socket-timo 0 connrefused 0 connreset 0
Errors: fd-unavail 0 addrunavail 0 ftab-full 0 other 0
time is: 27
httperf: warning: open file limit > FD_SETSIZE; limiting max. # of open files to FD_SETSIZE
httperf --client=0/1 --server=192.168.3.75 --port=80 --uri=/ --rate=1450 --send-buffer=4096 --recv-buffer=16384 --num-conns=80000 --num-calls=1
Maximum connect burst length: 4

Total: connections 80000 requests 80000 replies 80000 test-duration 55.183 s

Connection rate: 1449.7 conn/s (0.7 ms/conn, <=225 concurrent connections)
Connection time [ms]: min 0.9 avg 4.0 max 1016.5 median 1.5 stddev 28.7
Connection time [ms]: connect 0.5
Connection length [replies/conn]: 1.000

Request rate: 1449.7 req/s (0.7 ms/req)
Request size [B]: 65.0

Reply rate [replies/s]: min 1449.1 avg 1449.7 max 1450.7 stddev 0.5 (11 samples)
Reply time [ms]: response 3.5 transfer 0.0
Reply size [B]: header 252.0 content 4897.0 footer 0.0 (total 5149.0)
Reply status: 1xx=0 2xx=0 3xx=0 4xx=80000 5xx=0

CPU time [s]: user 15.12 system 40.02 (user 27.4% system 72.5% total 99.9%)
Net I/O: 7381.7 KB/s (60.5*10^6 bps)

Errors: total 0 client-timo 0 socket-timo 0 connrefused 0 connreset 0
Errors: fd-unavail 0 addrunavail 0 ftab-full 0 other 0
time is: 28
httperf: warning: open file limit > FD_SETSIZE; limiting max. # of open files to FD_SETSIZE
httperf --client=0/1 --server=192.168.3.75 --port=80 --uri=/ --rate=1500 --send-buffer=4096 --recv-buffer=16384 --num-conns=80000 --num-calls=1
Maximum connect burst length: 5

Total: connections 80000 requests 80000 replies 80000 test-duration 53.331 s

Connection rate: 1500.1 conn/s (0.7 ms/conn, <=216 concurrent connections)
Connection time [ms]: min 1.0 avg 3.9 max 1016.8 median 1.5 stddev 19.6
Connection time [ms]: connect 0.6
Connection length [replies/conn]: 1.000

Request rate: 1500.1 req/s (0.7 ms/req)
Request size [B]: 65.0

Reply rate [replies/s]: min 1499.5 avg 1500.1 max 1500.7 stddev 0.4 (10 samples)
Reply time [ms]: response 3.4 transfer 0.0
Reply size [B]: header 252.0 content 4897.0 footer 0.0 (total 5149.0)
Reply status: 1xx=0 2xx=0 3xx=0 4xx=80000 5xx=0

CPU time [s]: user 14.09 system 39.20 (user 26.4% system 73.5% total 99.9%)
Net I/O: 7638.1 KB/s (62.6*10^6 bps)

Errors: total 0 client-timo 0 socket-timo 0 connrefused 0 connreset 0
Errors: fd-unavail 0 addrunavail 0 ftab-full 0 other 0
time is: 29
httperf: warning: open file limit > FD_SETSIZE; limiting max. # of open files to FD_SETSIZE
httperf --client=0/1 --server=192.168.3.75 --port=80 --uri=/ --rate=1550 --send-buffer=4096 --recv-buffer=16384 --num-conns=80000 --num-calls=1
Maximum connect burst length: 12

Total: connections 80000 requests 80000 replies 80000 test-duration 51.614 s

Connection rate: 1550.0 conn/s (0.6 ms/conn, <=175 concurrent connections)
Connection time [ms]: min 1.1 avg 3.0 max 115.9 median 1.5 stddev 6.3
Connection time [ms]: connect 0.5
Connection length [replies/conn]: 1.000

Request rate: 1550.0 req/s (0.6 ms/req)
Request size [B]: 65.0

Reply rate [replies/s]: min 1538.7 avg 1549.9 max 1560.9 stddev 5.2 (10 samples)
Reply time [ms]: response 2.4 transfer 0.0
Reply size [B]: header 252.0 content 4897.0 footer 0.0 (total 5149.0)
Reply status: 1xx=0 2xx=0 3xx=0 4xx=80000 5xx=0

CPU time [s]: user 14.09 system 37.43 (user 27.3% system 72.5% total 99.8%)
Net I/O: 7892.0 KB/s (64.7*10^6 bps)

Errors: total 0 client-timo 0 socket-timo 0 connrefused 0 connreset 0
Errors: fd-unavail 0 addrunavail 0 ftab-full 0 other 0
time is: 30
httperf: warning: open file limit > FD_SETSIZE; limiting max. # of open files to FD_SETSIZE
httperf --client=0/1 --server=192.168.3.75 --port=80 --uri=/ --rate=1600 --send-buffer=4096 --recv-buffer=16384 --num-conns=80000 --num-calls=1
Maximum connect burst length: 3

Total: connections 80000 requests 80000 replies 80000 test-duration 49.993 s

Connection rate: 1600.2 conn/s (0.6 ms/conn, <=249 concurrent connections)
Connection time [ms]: min 1.0 avg 5.0 max 1021.2 median 1.5 stddev 22.4
Connection time [ms]: connect 0.6
Connection length [replies/conn]: 1.000

Request rate: 1600.2 req/s (0.6 ms/req)
Request size [B]: 65.0

Reply rate [replies/s]: min 1597.9 avg 1600.2 max 1602.5 stddev 1.4 (9 samples)
Reply time [ms]: response 4.4 transfer 0.0
Reply size [B]: header 252.0 content 4897.0 footer 0.0 (total 5149.0)
Reply status: 1xx=0 2xx=0 3xx=0 4xx=80000 5xx=0

CPU time [s]: user 12.65 system 37.30 (user 25.3% system 74.6% total 99.9%)
Net I/O: 8148.0 KB/s (66.7*10^6 bps)

Errors: total 0 client-timo 0 socket-timo 0 connrefused 0 connreset 0
Errors: fd-unavail 0 addrunavail 0 ftab-full 0 other 0
time is: 31
httperf: warning: open file limit > FD_SETSIZE; limiting max. # of open files to FD_SETSIZE
httperf --client=0/1 --server=192.168.3.75 --port=80 --uri=/ --rate=1650 --send-buffer=4096 --recv-buffer=16384 --num-conns=110000 --num-calls=1
Maximum connect burst length: 6

Total: connections 110000 requests 110000 replies 110000 test-duration 66.668 s

Connection rate: 1650.0 conn/s (0.6 ms/conn, <=227 concurrent connections)
Connection time [ms]: min 1.1 avg 4.8 max 1018.5 median 2.5 stddev 14.8
Connection time [ms]: connect 0.7
Connection length [replies/conn]: 1.000

Request rate: 1650.0 req/s (0.6 ms/req)
Request size [B]: 65.0

Reply rate [replies/s]: min 1648.1 avg 1649.9 max 1651.3 stddev 1.0 (13 samples)
Reply time [ms]: response 4.1 transfer 0.0
Reply size [B]: header 252.0 content 4897.0 footer 0.0 (total 5149.0)
Reply status: 1xx=0 2xx=0 3xx=0 4xx=110000 5xx=0

CPU time [s]: user 16.71 system 49.90 (user 25.1% system 74.8% total 99.9%)
Net I/O: 8401.2 KB/s (68.8*10^6 bps)

Errors: total 0 client-timo 0 socket-timo 0 connrefused 0 connreset 0
Errors: fd-unavail 0 addrunavail 0 ftab-full 0 other 0
time is: 32
httperf: warning: open file limit > FD_SETSIZE; limiting max. # of open files to FD_SETSIZE
httperf --client=0/1 --server=192.168.3.75 --port=80 --uri=/ --rate=1700 --send-buffer=4096 --recv-buffer=16384 --num-conns=110000 --num-calls=1
Maximum connect burst length: 6

Total: connections 110000 requests 110000 replies 110000 test-duration 64.710 s

Connection rate: 1699.9 conn/s (0.6 ms/conn, <=291 concurrent connections)
Connection time [ms]: min 1.1 avg 7.0 max 1023.9 median 2.5 stddev 28.4
Connection time [ms]: connect 0.8
Connection length [replies/conn]: 1.000

Request rate: 1699.9 req/s (0.6 ms/req)
Request size [B]: 65.0

Reply rate [replies/s]: min 1697.1 avg 1700.0 max 1702.9 stddev 1.4 (12 samples)
Reply time [ms]: response 6.2 transfer 0.0
Reply size [B]: header 252.0 content 4897.0 footer 0.0 (total 5149.0)
Reply status: 1xx=0 2xx=0 3xx=0 4xx=110000 5xx=0

CPU time [s]: user 15.03 system 49.62 (user 23.2% system 76.7% total 99.9%)
Net I/O: 8655.5 KB/s (70.9*10^6 bps)

Errors: total 0 client-timo 0 socket-timo 0 connrefused 0 connreset 0
Errors: fd-unavail 0 addrunavail 0 ftab-full 0 other 0
time is: 33
httperf: warning: open file limit > FD_SETSIZE; limiting max. # of open files to FD_SETSIZE
httperf --client=0/1 --server=192.168.3.75 --port=80 --uri=/ --rate=1750 --send-buffer=4096 --recv-buffer=16384 --num-conns=110000 --num-calls=1
Maximum connect burst length: 17

Total: connections 110000 requests 110000 replies 110000 test-duration 62.867 s

Connection rate: 1749.7 conn/s (0.6 ms/conn, <=252 concurrent connections)
Connection time [ms]: min 1.1 avg 6.4 max 1014.6 median 2.5 stddev 17.7
Connection time [ms]: connect 0.9
Connection length [replies/conn]: 1.000

Request rate: 1749.7 req/s (0.6 ms/req)
Request size [B]: 65.0

Reply rate [replies/s]: min 1746.9 avg 1749.8 max 1755.1 stddev 2.2 (12 samples)
Reply time [ms]: response 5.5 transfer 0.0
Reply size [B]: header 252.0 content 4897.0 footer 0.0 (total 5149.0)
Reply status: 1xx=0 2xx=0 3xx=0 4xx=110000 5xx=0

CPU time [s]: user 14.11 system 48.65 (user 22.4% system 77.4% total 99.8%)
Net I/O: 8909.3 KB/s (73.0*10^6 bps)

Errors: total 0 client-timo 0 socket-timo 0 connrefused 0 connreset 0
Errors: fd-unavail 0 addrunavail 0 ftab-full 0 other 0
time is: 34
httperf: warning: open file limit > FD_SETSIZE; limiting max. # of open files to FD_SETSIZE
httperf --client=0/1 --server=192.168.3.75 --port=80 --uri=/ --rate=1800 --send-buffer=4096 --recv-buffer=16384 --num-conns=110000 --num-calls=1
Maximum connect burst length: 5

Total: connections 110000 requests 110000 replies 110000 test-duration 61.109 s

Connection rate: 1800.1 conn/s (0.6 ms/conn, <=300 concurrent connections)
Connection time [ms]: min 1.2 avg 9.3 max 1101.0 median 3.5 stddev 29.9
Connection time [ms]: connect 1.2
Connection length [replies/conn]: 1.000

Request rate: 1800.1 req/s (0.6 ms/req)
Request size [B]: 65.0

Reply rate [replies/s]: min 1792.9 avg 1800.0 max 1806.9 stddev 3.4 (12 samples)
Reply time [ms]: response 8.1 transfer 0.0
Reply size [B]: header 252.0 content 4897.0 footer 0.0 (total 5149.0)
Reply status: 1xx=0 2xx=0 3xx=0 4xx=110000 5xx=0

CPU time [s]: user 12.76 system 48.29 (user 20.9% system 79.0% total 99.9%)
Net I/O: 9165.6 KB/s (75.1*10^6 bps)

Errors: total 0 client-timo 0 socket-timo 0 connrefused 0 connreset 0
Errors: fd-unavail 0 addrunavail 0 ftab-full 0 other 0
time is: 35
httperf: warning: open file limit > FD_SETSIZE; limiting max. # of open files to FD_SETSIZE
httperf --client=0/1 --server=192.168.3.75 --port=80 --uri=/ --rate=1850 --send-buffer=4096 --recv-buffer=16384 --num-conns=110000 --num-calls=1
Maximum connect burst length: 8

Total: connections 110000 requests 110000 replies 110000 test-duration 59.457 s

Connection rate: 1850.1 conn/s (0.5 ms/conn, <=366 concurrent connections)
Connection time [ms]: min 1.1 avg 13.0 max 1300.5 median 5.5 stddev 47.0
Connection time [ms]: connect 1.8
Connection length [replies/conn]: 1.000

Request rate: 1850.1 req/s (0.5 ms/req)
Request size [B]: 65.0

Reply rate [replies/s]: min 1845.2 avg 1850.1 max 1855.3 stddev 3.4 (11 samples)
Reply time [ms]: response 11.2 transfer 0.0
Reply size [B]: header 252.0 content 4897.0 footer 0.0 (total 5149.0)
Reply status: 1xx=0 2xx=0 3xx=0 4xx=110000 5xx=0

CPU time [s]: user 10.53 system 48.87 (user 17.7% system 82.2% total 99.9%)
Net I/O: 9420.2 KB/s (77.2*10^6 bps)

Errors: total 0 client-timo 0 socket-timo 0 connrefused 0 connreset 0
Errors: fd-unavail 0 addrunavail 0 ftab-full 0 other 0
time is: 36
httperf: warning: open file limit > FD_SETSIZE; limiting max. # of open files to FD_SETSIZE
httperf --client=0/1 --server=192.168.3.75 --port=80 --uri=/ --rate=1900 --send-buffer=4096 --recv-buffer=16384 --num-conns=110000 --num-calls=1
Maximum connect burst length: 7

Total: connections 110000 requests 110000 replies 110000 test-duration 57.910 s

Connection rate: 1899.5 conn/s (0.5 ms/conn, <=704 concurrent connections)
Connection time [ms]: min 0.8 avg 79.1 max 10040.7 median 11.5 stddev 327.8
Connection time [ms]: connect 11.8
Connection length [replies/conn]: 1.000

Request rate: 1899.5 req/s (0.5 ms/req)
Request size [B]: 65.0

Reply rate [replies/s]: min 1811.9 avg 1899.5 max 1996.2 stddev 42.5 (11 samples)
Reply time [ms]: response 67.3 transfer 0.1
Reply size [B]: header 251.0 content 4896.0 footer 0.0 (total 5147.0)
Reply status: 1xx=0 2xx=0 3xx=0 4xx=109984 5xx=16

CPU time [s]: user 7.68 system 50.17 (user 13.3% system 86.6% total 99.9%)
Net I/O: 9670.5 KB/s (79.2*10^6 bps)

Errors: total 0 client-timo 0 socket-timo 0 connrefused 0 connreset 0
Errors: fd-unavail 0 addrunavail 0 ftab-full 0 other 0
time is: 37
httperf: warning: open file limit > FD_SETSIZE; limiting max. # of open files to FD_SETSIZE
httperf --client=0/1 --server=192.168.3.75 --port=80 --uri=/ --rate=1950 --send-buffer=4096 --recv-buffer=16384 --num-conns=110000 --num-calls=1
Maximum connect burst length: 9

Total: connections 110000 requests 110000 replies 110000 test-duration 56.414 s

Connection rate: 1949.9 conn/s (0.5 ms/conn, <=218 concurrent connections)
Connection time [ms]: min 1.1 avg 8.3 max 1232.1 median 3.5 stddev 40.7
Connection time [ms]: connect 2.3
Connection length [replies/conn]: 1.000

Request rate: 1949.9 req/s (0.5 ms/req)
Request size [B]: 65.0

Reply rate [replies/s]: min 1945.3 avg 1949.8 max 1955.3 stddev 2.3 (11 samples)
Reply time [ms]: response 6.0 transfer 0.0
Reply size [B]: header 252.0 content 4897.0 footer 0.0 (total 5149.0)
Reply status: 1xx=0 2xx=0 3xx=0 4xx=110000 5xx=0

CPU time [s]: user 11.22 system 45.14 (user 19.9% system 80.0% total 99.9%)
Net I/O: 9928.3 KB/s (81.3*10^6 bps)

Errors: total 0 client-timo 0 socket-timo 0 connrefused 0 connreset 0
Errors: fd-unavail 0 addrunavail 0 ftab-full 0 other 0
time is: 38
httperf: warning: open file limit > FD_SETSIZE; limiting max. # of open files to FD_SETSIZE
httperf --client=0/1 --server=192.168.3.75 --port=80 --uri=/ --rate=2000 --send-buffer=4096 --recv-buffer=16384 --num-conns=110000 --num-calls=1
Maximum connect burst length: 19

Total: connections 109745 requests 109745 replies 109745 test-duration 59.394 s

Connection rate: 1847.7 conn/s (0.5 ms/conn, <=1022 concurrent connections)
Connection time [ms]: min 1.1 avg 89.6 max 8379.9 median 4.5 stddev 348.4
Connection time [ms]: connect 11.1
Connection length [replies/conn]: 1.000

Request rate: 1847.7 req/s (0.5 ms/req)
Request size [B]: 65.0

Reply rate [replies/s]: min 1870.9 avg 1976.9 max 2068.2 stddev 54.7 (11 samples)
Reply time [ms]: response 78.4 transfer 0.0
Reply size [B]: header 251.0 content 4896.0 footer 0.0 (total 5147.0)
Reply status: 1xx=0 2xx=0 3xx=0 4xx=109732 5xx=13

CPU time [s]: user 8.64 system 50.63 (user 14.6% system 85.2% total 99.8%)
Net I/O: 9407.3 KB/s (77.1*10^6 bps)

Errors: total 255 client-timo 0 socket-timo 0 connrefused 0 connreset 0
Errors: fd-unavail 255 addrunavail 0 ftab-full 0 other 0
time is: 39
httperf: warning: open file limit > FD_SETSIZE; limiting max. # of open files to FD_SETSIZE
httperf --client=0/1 --server=192.168.3.75 --port=80 --uri=/ --rate=2050 --send-buffer=4096 --recv-buffer=16384 --num-conns=110000 --num-calls=1
Maximum connect burst length: 8

Total: connections 110000 requests 110000 replies 110000 test-duration 53.667 s

Connection rate: 2049.7 conn/s (0.5 ms/conn, <=236 concurrent connections)
Connection time [ms]: min 1.0 avg 11.8 max 3009.1 median 4.5 stddev 50.7
Connection time [ms]: connect 3.9
Connection length [replies/conn]: 1.000

Request rate: 2049.7 req/s (0.5 ms/req)
Request size [B]: 65.0

Reply rate [replies/s]: min 2036.7 avg 2049.9 max 2063.0 stddev 6.4 (10 samples)
Reply time [ms]: response 7.9 transfer 0.0
Reply size [B]: header 252.0 content 4897.0 footer 0.0 (total 5149.0)
Reply status: 1xx=0 2xx=0 3xx=0 4xx=110000 5xx=0

CPU time [s]: user 9.26 system 44.36 (user 17.3% system 82.7% total 99.9%)
Net I/O: 10436.6 KB/s (85.5*10^6 bps)

Errors: total 0 client-timo 0 socket-timo 0 connrefused 0 connreset 0
Errors: fd-unavail 0 addrunavail 0 ftab-full 0 other 0
time is: 40
httperf: warning: open file limit > FD_SETSIZE; limiting max. # of open files to FD_SETSIZE
httperf --client=0/1 --server=192.168.3.75 --port=80 --uri=/ --rate=2100 --send-buffer=4096 --recv-buffer=16384 --num-conns=110000 --num-calls=1
Maximum connect burst length: 7

Total: connections 106358 requests 106358 replies 106358 test-duration 58.387 s

Connection rate: 1821.6 conn/s (0.5 ms/conn, <=1022 concurrent connections)
Connection time [ms]: min 1.1 avg 206.2 max 15035.1 median 28.5 stddev 633.2
Connection time [ms]: connect 40.4
Connection length [replies/conn]: 1.000

Request rate: 1821.6 req/s (0.5 ms/req)
Request size [B]: 65.0

Reply rate [replies/s]: min 1087.1 avg 1933.3 max 2218.6 stddev 304.4 (11 samples)
Reply time [ms]: response 165.6 transfer 0.1
Reply size [B]: header 251.0 content 4892.0 footer 0.0 (total 5143.0)
Reply status: 1xx=0 2xx=0 3xx=0 4xx=106265 5xx=93

CPU time [s]: user 5.52 system 52.80 (user 9.5% system 90.4% total 99.9%)
Net I/O: 9267.5 KB/s (75.9*10^6 bps)

Errors: total 3642 client-timo 0 socket-timo 0 connrefused 0 connreset 0
Errors: fd-unavail 3642 addrunavail 0 ftab-full 0 other 0
time is: 41
httperf: warning: open file limit > FD_SETSIZE; limiting max. # of open files to FD_SETSIZE
httperf --client=0/1 --server=192.168.3.75 --port=80 --uri=/ --rate=2150 --send-buffer=4096 --recv-buffer=16384 --num-conns=110000 --num-calls=1
Maximum connect burst length: 9

Total: connections 101051 requests 101051 replies 101051 test-duration 66.811 s

Connection rate: 1512.5 conn/s (0.7 ms/conn, <=1022 concurrent connections)
Connection time [ms]: min 1.1 avg 373.0 max 31057.8 median 57.5 stddev 947.8
Connection time [ms]: connect 143.7
Connection length [replies/conn]: 1.000

Request rate: 1512.5 req/s (0.7 ms/req)
Request size [B]: 65.0

Reply rate [replies/s]: min 0.6 avg 1554.6 max 2208.8 stddev 794.7 (13 samples)
Reply time [ms]: response 229.2 transfer 0.1
Reply size [B]: header 251.0 content 4890.0 footer 0.0 (total 5141.0)
Reply status: 1xx=0 2xx=0 3xx=0 4xx=100907 5xx=144

CPU time [s]: user 4.50 system 62.19 (user 6.7% system 93.1% total 99.8%)
Net I/O: 7690.8 KB/s (63.0*10^6 bps)

Errors: total 8949 client-timo 0 socket-timo 0 connrefused 0 connreset 0
Errors: fd-unavail 8949 addrunavail 0 ftab-full 0 other 0
time is: 42
httperf: warning: open file limit > FD_SETSIZE; limiting max. # of open files to FD_SETSIZE
httperf --client=0/1 --server=192.168.3.75 --port=80 --uri=/ --rate=2200 --send-buffer=4096 --recv-buffer=16384 --num-conns=110000 --num-calls=1
Maximum connect burst length: 4

Total: connections 99692 requests 99692 replies 99692 test-duration 51.447 s

Connection rate: 1937.8 conn/s (0.5 ms/conn, <=1022 concurrent connections)
Connection time [ms]: min 1.0 avg 369.4 max 31054.3 median 60.5 stddev 809.0
Connection time [ms]: connect 159.7
Connection length [replies/conn]: 1.000

Request rate: 1937.8 req/s (0.5 ms/req)
Request size [B]: 65.0

Reply rate [replies/s]: min 1828.4 avg 1991.7 max 2262.6 stddev 160.4 (10 samples)
Reply time [ms]: response 209.3 transfer 0.4
Reply size [B]: header 251.0 content 4896.0 footer 0.0 (total 5147.0)
Reply status: 1xx=0 2xx=0 3xx=0 4xx=99683 5xx=9

CPU time [s]: user 2.39 system 49.01 (user 4.6% system 95.3% total 99.9%)
Net I/O: 9865.9 KB/s (80.8*10^6 bps)

Errors: total 10308 client-timo 0 socket-timo 0 connrefused 0 connreset 0
Errors: fd-unavail 10308 addrunavail 0 ftab-full 0 other 0
time is: 43
httperf: warning: open file limit > FD_SETSIZE; limiting max. # of open files to FD_SETSIZE
httperf --client=0/1 --server=192.168.3.75 --port=80 --uri=/ --rate=2250 --send-buffer=4096 --recv-buffer=16384 --num-conns=110000 --num-calls=1
Maximum connect burst length: 14

Total: connections 97273 requests 97273 replies 97273 test-duration 56.492 s

Connection rate: 1721.9 conn/s (0.6 ms/conn, <=1022 concurrent connections)
Connection time [ms]: min 1.1 avg 398.4 max 31063.9 median 62.5 stddev 842.6
Connection time [ms]: connect 178.0
Connection length [replies/conn]: 1.000

Request rate: 1721.9 req/s (0.6 ms/req)
Request size [B]: 65.0

Reply rate [replies/s]: min 19.8 avg 1768.7 max 2343.6 stddev 606.7 (11 samples)
Reply time [ms]: response 220.4 transfer 0.0
Reply size [B]: header 251.0 content 4896.0 footer 0.0 (total 5147.0)
Reply status: 1xx=0 2xx=0 3xx=0 4xx=97257 5xx=16

CPU time [s]: user 3.58 system 52.84 (user 6.3% system 93.5% total 99.9%)
Net I/O: 8765.9 KB/s (71.8*10^6 bps)

Errors: total 12727 client-timo 0 socket-timo 0 connrefused 0 connreset 0
Errors: fd-unavail 12727 addrunavail 0 ftab-full 0 other 0
time is: 44
httperf: warning: open file limit > FD_SETSIZE; limiting max. # of open files to FD_SETSIZE
httperf --client=0/1 --server=192.168.3.75 --port=80 --uri=/ --rate=2300 --send-buffer=4096 --recv-buffer=16384 --num-conns=110000 --num-calls=1
Maximum connect burst length: 26

Total: connections 95826 requests 95826 replies 95826 test-duration 61.125 s

Connection rate: 1567.7 conn/s (0.6 ms/conn, <=1022 concurrent connections)
Connection time [ms]: min 1.0 avg 378.0 max 31061.5 median 60.5 stddev 817.7
Connection time [ms]: connect 167.8
Connection length [replies/conn]: 1.000

Request rate: 1567.7 req/s (0.6 ms/req)
Request size [B]: 65.0

Reply rate [replies/s]: min 0.0 avg 1597.2 max 2294.6 stddev 785.0 (12 samples)
Reply time [ms]: response 210.1 transfer 0.1
Reply size [B]: header 251.0 content 4896.0 footer 0.0 (total 5147.0)
Reply status: 1xx=0 2xx=0 3xx=0 4xx=95816 5xx=10

CPU time [s]: user 5.33 system 55.70 (user 8.7% system 91.1% total 99.9%)
Net I/O: 7981.6 KB/s (65.4*10^6 bps)

Errors: total 14174 client-timo 0 socket-timo 0 connrefused 0 connreset 0
Errors: fd-unavail 14174 addrunavail 0 ftab-full 0 other 0
time is: 45
httperf: warning: open file limit > FD_SETSIZE; limiting max. # of open files to FD_SETSIZE
httperf --client=0/1 --server=192.168.3.75 --port=80 --uri=/ --rate=2350 --send-buffer=4096 --recv-buffer=16384 --num-conns=110000 --num-calls=1
Maximum connect burst length: 31

Total: connections 91441 requests 91441 replies 91441 test-duration 55.609 s

Connection rate: 1644.4 conn/s (0.6 ms/conn, <=1022 concurrent connections)
Connection time [ms]: min 1.0 avg 491.7 max 32231.6 median 67.5 stddev 939.8
Connection time [ms]: connect 219.4
Connection length [replies/conn]: 1.000

Request rate: 1644.4 req/s (0.6 ms/req)
Request size [B]: 65.0

Reply rate [replies/s]: min 0.6 avg 1662.6 max 1976.9 stddev 611.2 (11 samples)
Reply time [ms]: response 272.3 transfer 0.1
Reply size [B]: header 251.0 content 4896.0 footer 0.0 (total 5147.0)
Reply status: 1xx=0 2xx=0 3xx=0 4xx=91433 5xx=8

CPU time [s]: user 3.21 system 52.26 (user 5.8% system 94.0% total 99.7%)
Net I/O: 8372.1 KB/s (68.6*10^6 bps)

Errors: total 18559 client-timo 0 socket-timo 0 connrefused 0 connreset 0
Errors: fd-unavail 18559 addrunavail 0 ftab-full 0 other 0
time is: 46
httperf: warning: open file limit > FD_SETSIZE; limiting max. # of open files to FD_SETSIZE
httperf --client=0/1 --server=192.168.3.75 --port=80 --uri=/ --rate=2400 --send-buffer=4096 --recv-buffer=16384 --num-conns=110000 --num-calls=1
Maximum connect burst length: 13

Total: connections 98242 requests 98242 replies 98242 test-duration 53.112 s

Connection rate: 1849.7 conn/s (0.5 ms/conn, <=1022 concurrent connections)
Connection time [ms]: min 1.0 avg 270.0 max 31065.1 median 53.5 stddev 708.1
Connection time [ms]: connect 116.3
Connection length [replies/conn]: 1.000

Request rate: 1849.7 req/s (0.5 ms/req)
Request size [B]: 65.0

Reply rate [replies/s]: min 546.0 avg 1964.8 max 2402.0 stddev 555.5 (10 samples)
Reply time [ms]: response 153.7 transfer 0.1
Reply size [B]: header 251.0 content 4896.0 footer 0.0 (total 5147.0)
Reply status: 1xx=0 2xx=0 3xx=0 4xx=98228 5xx=14

CPU time [s]: user 5.71 system 47.32 (user 10.8% system 89.1% total 99.9%)
Net I/O: 9417.1 KB/s (77.1*10^6 bps)

Errors: total 11758 client-timo 0 socket-timo 0 connrefused 0 connreset 0
Errors: fd-unavail 11758 addrunavail 0 ftab-full 0 other 0
time is: 47
httperf: warning: open file limit > FD_SETSIZE; limiting max. # of open files to FD_SETSIZE
httperf --client=0/1 --server=192.168.3.75 --port=80 --uri=/ --rate=2450 --send-buffer=4096 --recv-buffer=16384 --num-conns=110000 --num-calls=1
Maximum connect burst length: 4

Total: connections 95410 requests 95410 replies 95410 test-duration 54.506 s

Connection rate: 1750.4 conn/s (0.6 ms/conn, <=1022 concurrent connections)
Connection time [ms]: min 1.0 avg 314.7 max 17220.1 median 57.5 stddev 742.5
Connection time [ms]: connect 139.1
Connection length [replies/conn]: 1.000

Request rate: 1750.4 req/s (0.6 ms/req)
Request size [B]: 65.0

Reply rate [replies/s]: min 164.2 avg 1907.9 max 2558.4 stddev 683.2 (10 samples)
Reply time [ms]: response 175.6 transfer 0.0
Reply size [B]: header 251.0 content 4896.0 footer 0.0 (total 5147.0)
Reply status: 1xx=0 2xx=0 3xx=0 4xx=95399 5xx=11

CPU time [s]: user 4.43 system 49.83 (user 8.1% system 91.4% total 99.5%)
Net I/O: 8911.9 KB/s (73.0*10^6 bps)

Errors: total 14590 client-timo 0 socket-timo 0 connrefused 0 connreset 0
Errors: fd-unavail 14590 addrunavail 0 ftab-full 0 other 0
time is: 48
httperf: warning: open file limit > FD_SETSIZE; limiting max. # of open files to FD_SETSIZE
httperf --client=0/1 --server=192.168.3.75 --port=80 --uri=/ --rate=2500 --send-buffer=4096 --recv-buffer=16384 --num-conns=110000 --num-calls=1
Maximum connect burst length: 6

Total: connections 93181 requests 93181 replies 93181 test-duration 54.153 s

Connection rate: 1720.7 conn/s (0.6 ms/conn, <=1022 concurrent connections)
Connection time [ms]: min 0.9 avg 373.8 max 16081.5 median 61.5 stddev 789.4
Connection time [ms]: connect 168.5
Connection length [replies/conn]: 1.000

Request rate: 1720.7 req/s (0.6 ms/req)
Request size [B]: 65.0

Reply rate [replies/s]: min 65.2 avg 1863.6 max 2498.8 stddev 690.4 (10 samples)
Reply time [ms]: response 205.3 transfer 0.0
Reply size [B]: header 251.0 content 4896.0 footer 0.0 (total 5147.0)
Reply status: 1xx=0 2xx=0 3xx=0 4xx=93178 5xx=3

CPU time [s]: user 4.56 system 49.54 (user 8.4% system 91.5% total 99.9%)
Net I/O: 8761.1 KB/s (71.8*10^6 bps)

Errors: total 16819 client-timo 0 socket-timo 0 connrefused 0 connreset 0
Errors: fd-unavail 16819 addrunavail 0 ftab-full 0 other 0
time is: 49
httperf: warning: open file limit > FD_SETSIZE; limiting max. # of open files to FD_SETSIZE
httperf --client=0/1 --server=192.168.3.75 --port=80 --uri=/ --rate=2550 --send-buffer=4096 --recv-buffer=16384 --num-conns=110000 --num-calls=1
Maximum connect burst length: 39

Total: connections 96955 requests 96955 replies 96955 test-duration 52.345 s

Connection rate: 1852.2 conn/s (0.5 ms/conn, <=1022 concurrent connections)
Connection time [ms]: min 1.0 avg 299.2 max 16092.9 median 57.5 stddev 694.5
Connection time [ms]: connect 128.2
Connection length [replies/conn]: 1.000

Request rate: 1852.2 req/s (0.5 ms/req)
Request size [B]: 65.0

Reply rate [replies/s]: min 26.8 avg 1939.2 max 2682.6 stddev 795.2 (10 samples)
Reply time [ms]: response 171.0 transfer 0.0
Reply size [B]: header 251.0 content 4896.0 footer 0.0 (total 5147.0)
Reply status: 1xx=0 2xx=0 3xx=0 4xx=96950 5xx=5

CPU time [s]: user 4.57 system 47.59 (user 8.7% system 90.9% total 99.6%)
Net I/O: 9430.6 KB/s (77.3*10^6 bps)

Errors: total 13045 client-timo 0 socket-timo 0 connrefused 0 connreset 0
Errors: fd-unavail 13045 addrunavail 0 ftab-full 0 other 0
time is: 50
httperf: warning: open file limit > FD_SETSIZE; limiting max. # of open files to FD_SETSIZE
httperf --client=0/1 --server=192.168.3.75 --port=80 --uri=/ --rate=2600 --send-buffer=4096 --recv-buffer=16384 --num-conns=110000 --num-calls=1
Maximum connect burst length: 6

Total: connections 97952 requests 97952 replies 97952 test-duration 43.289 s

Connection rate: 2262.7 conn/s (0.4 ms/conn, <=1022 concurrent connections)
Connection time [ms]: min 1.0 avg 387.1 max 31117.2 median 60.5 stddev 798.3
Connection time [ms]: connect 176.5
Connection length [replies/conn]: 1.000

Request rate: 2262.7 req/s (0.4 ms/req)
Request size [B]: 65.0

Reply rate [replies/s]: min 1846.0 avg 2286.7 max 2608.8 stddev 321.4 (8 samples)
Reply time [ms]: response 210.6 transfer 0.0
Reply size [B]: header 252.0 content 4897.0 footer 0.0 (total 5149.0)
Reply status: 1xx=0 2xx=0 3xx=0 4xx=97952 5xx=0

CPU time [s]: user 1.78 system 41.46 (user 4.1% system 95.8% total 99.9%)
Net I/O: 11521.4 KB/s (94.4*10^6 bps)

Errors: total 12048 client-timo 0 socket-timo 0 connrefused 0 connreset 0
Errors: fd-unavail 12048 addrunavail 0 ftab-full 0 other 0
