time is: 1
httperf: warning: open file limit > FD_SETSIZE; limiting max. # of open files to FD_SETSIZE
httperf --client=0/1 --server=192.168.3.75 --port=80 --uri=/ --rate=150 --send-buffer=4096 --recv-buffer=16384 --num-conns=20000 --num-calls=1
Maximum connect burst length: 1

Total: connections 20000 requests 20000 replies 20000 test-duration 133.328 s

Connection rate: 150.0 conn/s (6.7 ms/conn, <=2 concurrent connections)
Connection time [ms]: min 0.8 avg 1.0 max 200.8 median 0.5 stddev 1.5
Connection time [ms]: connect 0.3
Connection length [replies/conn]: 1.000

Request rate: 150.0 req/s (6.7 ms/req)
Request size [B]: 65.0

Reply rate [replies/s]: min 149.8 avg 150.0 max 150.2 stddev 0.1 (26 samples)
Reply time [ms]: response 0.6 transfer 0.0
Reply size [B]: header 252.0 content 4897.0 footer 0.0 (total 5149.0)
Reply status: 1xx=0 2xx=0 3xx=0 4xx=20000 5xx=0

CPU time [s]: user 49.14 system 84.08 (user 36.9% system 63.1% total 99.9%)
Net I/O: 763.8 KB/s (6.3*10^6 bps)

Errors: total 0 client-timo 0 socket-timo 0 connrefused 0 connreset 0
Errors: fd-unavail 0 addrunavail 0 ftab-full 0 other 0
time is: 2
httperf: warning: open file limit > FD_SETSIZE; limiting max. # of open files to FD_SETSIZE
httperf --client=0/1 --server=192.168.3.75 --port=80 --uri=/ --rate=200 --send-buffer=4096 --recv-buffer=16384 --num-conns=20000 --num-calls=1
Maximum connect burst length: 1

Total: connections 20000 requests 20000 replies 20000 test-duration 99.998 s

Connection rate: 200.0 conn/s (5.0 ms/conn, <=4 concurrent connections)
Connection time [ms]: min 0.5 avg 1.0 max 17.3 median 0.5 stddev 0.6
Connection time [ms]: connect 0.3
Connection length [replies/conn]: 1.000

Request rate: 200.0 req/s (5.0 ms/req)
Request size [B]: 65.0

Reply rate [replies/s]: min 199.8 avg 200.0 max 200.2 stddev 0.1 (20 samples)
Reply time [ms]: response 0.6 transfer 0.0
Reply size [B]: header 252.0 content 4897.0 footer 0.0 (total 5149.0)
Reply status: 1xx=0 2xx=0 3xx=0 4xx=20000 5xx=0

CPU time [s]: user 36.32 system 63.64 (user 36.3% system 63.6% total 100.0%)
Net I/O: 1018.4 KB/s (8.3*10^6 bps)

Errors: total 0 client-timo 0 socket-timo 0 connrefused 0 connreset 0
Errors: fd-unavail 0 addrunavail 0 ftab-full 0 other 0
time is: 3
httperf: warning: open file limit > FD_SETSIZE; limiting max. # of open files to FD_SETSIZE
httperf --client=0/1 --server=192.168.3.75 --port=80 --uri=/ --rate=250 --send-buffer=4096 --recv-buffer=16384 --num-conns=20000 --num-calls=1
Maximum connect burst length: 2

Total: connections 20000 requests 20000 replies 20000 test-duration 79.996 s

Connection rate: 250.0 conn/s (4.0 ms/conn, <=4 concurrent connections)
Connection time [ms]: min 0.8 avg 1.0 max 19.6 median 0.5 stddev 0.5
Connection time [ms]: connect 0.3
Connection length [replies/conn]: 1.000

Request rate: 250.0 req/s (4.0 ms/req)
Request size [B]: 65.0

Reply rate [replies/s]: min 249.8 avg 250.0 max 250.2 stddev 0.1 (16 samples)
Reply time [ms]: response 0.6 transfer 0.0
Reply size [B]: header 252.0 content 4897.0 footer 0.0 (total 5149.0)
Reply status: 1xx=0 2xx=0 3xx=0 4xx=20000 5xx=0

CPU time [s]: user 28.86 system 51.05 (user 36.1% system 63.8% total 99.9%)
Net I/O: 1273.0 KB/s (10.4*10^6 bps)

Errors: total 0 client-timo 0 socket-timo 0 connrefused 0 connreset 0
Errors: fd-unavail 0 addrunavail 0 ftab-full 0 other 0
time is: 4
httperf: warning: open file limit > FD_SETSIZE; limiting max. # of open files to FD_SETSIZE
httperf --client=0/1 --server=192.168.3.75 --port=80 --uri=/ --rate=300 --send-buffer=4096 --recv-buffer=16384 --num-conns=20000 --num-calls=1
Maximum connect burst length: 1

Total: connections 20000 requests 20000 replies 20000 test-duration 66.665 s

Connection rate: 300.0 conn/s (3.3 ms/conn, <=8 concurrent connections)
Connection time [ms]: min 0.8 avg 1.0 max 31.0 median 0.5 stddev 0.9
Connection time [ms]: connect 0.3
Connection length [replies/conn]: 1.000

Request rate: 300.0 req/s (3.3 ms/req)
Request size [B]: 65.0

Reply rate [replies/s]: min 299.8 avg 300.0 max 300.0 stddev 0.1 (13 samples)
Reply time [ms]: response 0.7 transfer 0.0
Reply size [B]: header 252.0 content 4897.0 footer 0.0 (total 5149.0)
Reply status: 1xx=0 2xx=0 3xx=0 4xx=20000 5xx=0

CPU time [s]: user 24.49 system 42.14 (user 36.7% system 63.2% total 100.0%)
Net I/O: 1527.6 KB/s (12.5*10^6 bps)

Errors: total 0 client-timo 0 socket-timo 0 connrefused 0 connreset 0
Errors: fd-unavail 0 addrunavail 0 ftab-full 0 other 0
time is: 5
httperf: warning: open file limit > FD_SETSIZE; limiting max. # of open files to FD_SETSIZE
httperf --client=0/1 --server=192.168.3.75 --port=80 --uri=/ --rate=350 --send-buffer=4096 --recv-buffer=16384 --num-conns=20000 --num-calls=1
Maximum connect burst length: 1

Total: connections 20000 requests 20000 replies 20000 test-duration 57.143 s

Connection rate: 350.0 conn/s (2.9 ms/conn, <=7 concurrent connections)
Connection time [ms]: min 0.7 avg 1.0 max 24.4 median 0.5 stddev 0.8
Connection time [ms]: connect 0.3
Connection length [replies/conn]: 1.000

Request rate: 350.0 req/s (2.9 ms/req)
Request size [B]: 65.0

Reply rate [replies/s]: min 349.8 avg 350.0 max 350.2 stddev 0.1 (11 samples)
Reply time [ms]: response 0.7 transfer 0.0
Reply size [B]: header 252.0 content 4897.0 footer 0.0 (total 5149.0)
Reply status: 1xx=0 2xx=0 3xx=0 4xx=20000 5xx=0

CPU time [s]: user 21.12 system 36.00 (user 37.0% system 63.0% total 100.0%)
Net I/O: 1782.1 KB/s (14.6*10^6 bps)

Errors: total 0 client-timo 0 socket-timo 0 connrefused 0 connreset 0
Errors: fd-unavail 0 addrunavail 0 ftab-full 0 other 0
time is: 6
httperf: warning: open file limit > FD_SETSIZE; limiting max. # of open files to FD_SETSIZE
httperf --client=0/1 --server=192.168.3.75 --port=80 --uri=/ --rate=400 --send-buffer=4096 --recv-buffer=16384 --num-conns=20000 --num-calls=1
Maximum connect burst length: 2

Total: connections 20000 requests 20000 replies 20000 test-duration 50.000 s

Connection rate: 400.0 conn/s (2.5 ms/conn, <=23 concurrent connections)
Connection time [ms]: min 0.8 avg 1.3 max 62.0 median 1.5 stddev 2.9
Connection time [ms]: connect 0.3
Connection length [replies/conn]: 1.000

Request rate: 400.0 req/s (2.5 ms/req)
Request size [B]: 65.0

Reply rate [replies/s]: min 398.4 avg 400.0 max 401.6 stddev 0.8 (10 samples)
Reply time [ms]: response 1.0 transfer 0.0
Reply size [B]: header 252.0 content 4897.0 footer 0.0 (total 5149.0)
Reply status: 1xx=0 2xx=0 3xx=0 4xx=20000 5xx=0

CPU time [s]: user 17.78 system 32.19 (user 35.6% system 64.4% total 100.0%)
Net I/O: 2036.7 KB/s (16.7*10^6 bps)

Errors: total 0 client-timo 0 socket-timo 0 connrefused 0 connreset 0
Errors: fd-unavail 0 addrunavail 0 ftab-full 0 other 0
time is: 7
httperf: warning: open file limit > FD_SETSIZE; limiting max. # of open files to FD_SETSIZE
httperf --client=0/1 --server=192.168.3.75 --port=80 --uri=/ --rate=450 --send-buffer=4096 --recv-buffer=16384 --num-conns=20000 --num-calls=1
Maximum connect burst length: 1

Total: connections 20000 requests 20000 replies 20000 test-duration 44.446 s

Connection rate: 450.0 conn/s (2.2 ms/conn, <=25 concurrent connections)
Connection time [ms]: min 0.8 avg 1.1 max 55.7 median 1.5 stddev 2.1
Connection time [ms]: connect 0.3
Connection length [replies/conn]: 1.000

Request rate: 450.0 req/s (2.2 ms/req)
Request size [B]: 65.0

Reply rate [replies/s]: min 449.8 avg 450.0 max 450.0 stddev 0.1 (8 samples)
Reply time [ms]: response 0.8 transfer 0.0
Reply size [B]: header 252.0 content 4897.0 footer 0.0 (total 5149.0)
Reply status: 1xx=0 2xx=0 3xx=0 4xx=20000 5xx=0

CPU time [s]: user 15.76 system 28.66 (user 35.5% system 64.5% total 99.9%)
Net I/O: 2291.2 KB/s (18.8*10^6 bps)

Errors: total 0 client-timo 0 socket-timo 0 connrefused 0 connreset 0
Errors: fd-unavail 0 addrunavail 0 ftab-full 0 other 0
time is: 8
httperf: warning: open file limit > FD_SETSIZE; limiting max. # of open files to FD_SETSIZE
httperf --client=0/1 --server=192.168.3.75 --port=80 --uri=/ --rate=500 --send-buffer=4096 --recv-buffer=16384 --num-conns=20000 --num-calls=1
Maximum connect burst length: 1

Total: connections 20000 requests 20000 replies 20000 test-duration 40.001 s

Connection rate: 500.0 conn/s (2.0 ms/conn, <=31 concurrent connections)
Connection time [ms]: min 0.4 avg 1.4 max 68.9 median 1.5 stddev 3.4
Connection time [ms]: connect 0.3
Connection length [replies/conn]: 1.000

Request rate: 500.0 req/s (2.0 ms/req)
Request size [B]: 65.0

Reply rate [replies/s]: min 499.8 avg 500.0 max 500.2 stddev 0.2 (8 samples)
Reply time [ms]: response 1.0 transfer 0.0
Reply size [B]: header 252.0 content 4897.0 footer 0.0 (total 5149.0)
Reply status: 1xx=0 2xx=0 3xx=0 4xx=20000 5xx=0

CPU time [s]: user 13.88 system 26.10 (user 34.7% system 65.2% total 99.9%)
Net I/O: 2545.8 KB/s (20.9*10^6 bps)

Errors: total 0 client-timo 0 socket-timo 0 connrefused 0 connreset 0
Errors: fd-unavail 0 addrunavail 0 ftab-full 0 other 0
time is: 9
httperf: warning: open file limit > FD_SETSIZE; limiting max. # of open files to FD_SETSIZE
httperf --client=0/1 --server=192.168.3.75 --port=80 --uri=/ --rate=550 --send-buffer=4096 --recv-buffer=16384 --num-conns=20000 --num-calls=1
Maximum connect burst length: 4

Total: connections 20000 requests 20000 replies 20000 test-duration 36.363 s

Connection rate: 550.0 conn/s (1.8 ms/conn, <=44 concurrent connections)
Connection time [ms]: min 0.8 avg 1.5 max 1001.7 median 1.5 stddev 9.2
Connection time [ms]: connect 0.3
Connection length [replies/conn]: 1.000

Request rate: 550.0 req/s (1.8 ms/req)
Request size [B]: 65.0

Reply rate [replies/s]: min 549.8 avg 550.0 max 550.0 stddev 0.1 (7 samples)
Reply time [ms]: response 1.1 transfer 0.0
Reply size [B]: header 252.0 content 4897.0 footer 0.0 (total 5149.0)
Reply status: 1xx=0 2xx=0 3xx=0 4xx=20000 5xx=0

CPU time [s]: user 12.34 system 23.95 (user 33.9% system 65.9% total 99.8%)
Net I/O: 2800.5 KB/s (22.9*10^6 bps)

Errors: total 0 client-timo 0 socket-timo 0 connrefused 0 connreset 0
Errors: fd-unavail 0 addrunavail 0 ftab-full 0 other 0
time is: 10
httperf: warning: open file limit > FD_SETSIZE; limiting max. # of open files to FD_SETSIZE
httperf --client=0/1 --server=192.168.3.75 --port=80 --uri=/ --rate=600 --send-buffer=4096 --recv-buffer=16384 --num-conns=20000 --num-calls=1
Maximum connect burst length: 2

Total: connections 20000 requests 20000 replies 20000 test-duration 33.335 s

Connection rate: 600.0 conn/s (1.7 ms/conn, <=15 concurrent connections)
Connection time [ms]: min 0.8 avg 2.8 max 39.9 median 1.5 stddev 3.2
Connection time [ms]: connect 0.3
Connection length [replies/conn]: 1.000

Request rate: 600.0 req/s (1.7 ms/req)
Request size [B]: 65.0

Reply rate [replies/s]: min 599.2 avg 599.9 max 600.8 stddev 0.5 (6 samples)
Reply time [ms]: response 2.5 transfer 0.0
Reply size [B]: header 252.0 content 4897.0 footer 0.0 (total 5149.0)
Reply status: 1xx=0 2xx=0 3xx=0 4xx=20000 5xx=0

CPU time [s]: user 10.62 system 22.70 (user 31.8% system 68.1% total 99.9%)
Net I/O: 3054.9 KB/s (25.0*10^6 bps)

Errors: total 0 client-timo 0 socket-timo 0 connrefused 0 connreset 0
Errors: fd-unavail 0 addrunavail 0 ftab-full 0 other 0
time is: 11
httperf: warning: open file limit > FD_SETSIZE; limiting max. # of open files to FD_SETSIZE
httperf --client=0/1 --server=192.168.3.75 --port=80 --uri=/ --rate=650 --send-buffer=4096 --recv-buffer=16384 --num-conns=40000 --num-calls=1
Maximum connect burst length: 2

Total: connections 40000 requests 40000 replies 40000 test-duration 61.541 s

Connection rate: 650.0 conn/s (1.5 ms/conn, <=20 concurrent connections)
Connection time [ms]: min 0.8 avg 1.2 max 33.7 median 1.5 stddev 1.5
Connection time [ms]: connect 0.3
Connection length [replies/conn]: 1.000

Request rate: 650.0 req/s (1.5 ms/req)
Request size [B]: 65.0

Reply rate [replies/s]: min 649.7 avg 650.0 max 650.0 stddev 0.1 (12 samples)
Reply time [ms]: response 0.8 transfer 0.0
Reply size [B]: header 252.0 content 4897.0 footer 0.0 (total 5149.0)
Reply status: 1xx=0 2xx=0 3xx=0 4xx=40000 5xx=0

CPU time [s]: user 20.84 system 40.67 (user 33.9% system 66.1% total 99.9%)
Net I/O: 3309.6 KB/s (27.1*10^6 bps)

Errors: total 0 client-timo 0 socket-timo 0 connrefused 0 connreset 0
Errors: fd-unavail 0 addrunavail 0 ftab-full 0 other 0
time is: 12
httperf: warning: open file limit > FD_SETSIZE; limiting max. # of open files to FD_SETSIZE
httperf --client=0/1 --server=192.168.3.75 --port=80 --uri=/ --rate=700 --send-buffer=4096 --recv-buffer=16384 --num-conns=40000 --num-calls=1
Maximum connect burst length: 2

Total: connections 40000 requests 40000 replies 40000 test-duration 57.145 s

Connection rate: 700.0 conn/s (1.4 ms/conn, <=36 concurrent connections)
Connection time [ms]: min 0.8 avg 1.3 max 54.2 median 1.5 stddev 2.1
Connection time [ms]: connect 0.3
Connection length [replies/conn]: 1.000

Request rate: 700.0 req/s (1.4 ms/req)
Request size [B]: 65.0

Reply rate [replies/s]: min 699.7 avg 700.0 max 700.1 stddev 0.1 (11 samples)
Reply time [ms]: response 0.9 transfer 0.0
Reply size [B]: header 252.0 content 4897.0 footer 0.0 (total 5149.0)
Reply status: 1xx=0 2xx=0 3xx=0 4xx=40000 5xx=0

CPU time [s]: user 19.26 system 37.85 (user 33.7% system 66.2% total 99.9%)
Net I/O: 3564.1 KB/s (29.2*10^6 bps)

Errors: total 0 client-timo 0 socket-timo 0 connrefused 0 connreset 0
Errors: fd-unavail 0 addrunavail 0 ftab-full 0 other 0
time is: 13
httperf: warning: open file limit > FD_SETSIZE; limiting max. # of open files to FD_SETSIZE
httperf --client=0/1 --server=192.168.3.75 --port=80 --uri=/ --rate=750 --send-buffer=4096 --recv-buffer=16384 --num-conns=40000 --num-calls=1
Maximum connect burst length: 5

Total: connections 40000 requests 40000 replies 40000 test-duration 53.330 s

Connection rate: 750.0 conn/s (1.3 ms/conn, <=39 concurrent connections)
Connection time [ms]: min 0.7 avg 1.3 max 58.7 median 0.5 stddev 2.9
Connection time [ms]: connect 0.3
Connection length [replies/conn]: 1.000

Request rate: 750.0 req/s (1.3 ms/req)
Request size [B]: 65.0

Reply rate [replies/s]: min 749.5 avg 750.0 max 750.7 stddev 0.3 (10 samples)
Reply time [ms]: response 1.0 transfer 0.0
Reply size [B]: header 252.0 content 4897.0 footer 0.0 (total 5149.0)
Reply status: 1xx=0 2xx=0 3xx=0 4xx=40000 5xx=0

CPU time [s]: user 17.59 system 35.69 (user 33.0% system 66.9% total 99.9%)
Net I/O: 3819.1 KB/s (31.3*10^6 bps)

Errors: total 0 client-timo 0 socket-timo 0 connrefused 0 connreset 0
Errors: fd-unavail 0 addrunavail 0 ftab-full 0 other 0
time is: 14
httperf: warning: open file limit > FD_SETSIZE; limiting max. # of open files to FD_SETSIZE
httperf --client=0/1 --server=192.168.3.75 --port=80 --uri=/ --rate=800 --send-buffer=4096 --recv-buffer=16384 --num-conns=40000 --num-calls=1
Maximum connect burst length: 4

Total: connections 40000 requests 40000 replies 40000 test-duration 50.010 s

Connection rate: 799.8 conn/s (1.3 ms/conn, <=42 concurrent connections)
Connection time [ms]: min 0.4 avg 1.5 max 58.1 median 1.5 stddev 2.3
Connection time [ms]: connect 0.3
Connection length [replies/conn]: 1.000

Request rate: 799.8 req/s (1.3 ms/req)
Request size [B]: 65.0

Reply rate [replies/s]: min 799.5 avg 799.9 max 800.3 stddev 0.2 (10 samples)
Reply time [ms]: response 1.2 transfer 0.0
Reply size [B]: header 252.0 content 4897.0 footer 0.0 (total 5149.0)
Reply status: 1xx=0 2xx=0 3xx=0 4xx=40000 5xx=0

CPU time [s]: user 16.18 system 33.76 (user 32.4% system 67.5% total 99.9%)
Net I/O: 4072.6 KB/s (33.4*10^6 bps)

Errors: total 0 client-timo 0 socket-timo 0 connrefused 0 connreset 0
Errors: fd-unavail 0 addrunavail 0 ftab-full 0 other 0
time is: 15
httperf: warning: open file limit > FD_SETSIZE; limiting max. # of open files to FD_SETSIZE
httperf --client=0/1 --server=192.168.3.75 --port=80 --uri=/ --rate=850 --send-buffer=4096 --recv-buffer=16384 --num-conns=40000 --num-calls=1
Maximum connect burst length: 3

Total: connections 40000 requests 40000 replies 40000 test-duration 47.055 s

Connection rate: 850.1 conn/s (1.2 ms/conn, <=30 concurrent connections)
Connection time [ms]: min 0.8 avg 1.4 max 46.8 median 1.5 stddev 2.2
Connection time [ms]: connect 0.3
Connection length [replies/conn]: 1.000

Request rate: 850.1 req/s (1.2 ms/req)
Request size [B]: 65.0

Reply rate [replies/s]: min 849.9 avg 850.1 max 850.3 stddev 0.1 (9 samples)
Reply time [ms]: response 1.1 transfer 0.0
Reply size [B]: header 252.0 content 4897.0 footer 0.0 (total 5149.0)
Reply status: 1xx=0 2xx=0 3xx=0 4xx=40000 5xx=0

CPU time [s]: user 14.99 system 32.03 (user 31.9% system 68.1% total 99.9%)
Net I/O: 4328.4 KB/s (35.5*10^6 bps)

Errors: total 0 client-timo 0 socket-timo 0 connrefused 0 connreset 0
Errors: fd-unavail 0 addrunavail 0 ftab-full 0 other 0
time is: 16
httperf: warning: open file limit > FD_SETSIZE; limiting max. # of open files to FD_SETSIZE
httperf --client=0/1 --server=192.168.3.75 --port=80 --uri=/ --rate=900 --send-buffer=4096 --recv-buffer=16384 --num-conns=40000 --num-calls=1
Maximum connect burst length: 3

Total: connections 40000 requests 40000 replies 40000 test-duration 44.442 s

Connection rate: 900.1 conn/s (1.1 ms/conn, <=32 concurrent connections)
Connection time [ms]: min 0.5 avg 1.3 max 47.8 median 1.5 stddev 1.9
Connection time [ms]: connect 0.3
Connection length [replies/conn]: 1.000

Request rate: 900.1 req/s (1.1 ms/req)
Request size [B]: 65.0

Reply rate [replies/s]: min 894.7 avg 900.0 max 905.5 stddev 2.9 (8 samples)
Reply time [ms]: response 0.9 transfer 0.0
Reply size [B]: header 252.0 content 4897.0 footer 0.0 (total 5149.0)
Reply status: 1xx=0 2xx=0 3xx=0 4xx=40000 5xx=0

CPU time [s]: user 14.58 system 29.83 (user 32.8% system 67.1% total 99.9%)
Net I/O: 4582.9 KB/s (37.5*10^6 bps)

Errors: total 0 client-timo 0 socket-timo 0 connrefused 0 connreset 0
Errors: fd-unavail 0 addrunavail 0 ftab-full 0 other 0
time is: 17
httperf: warning: open file limit > FD_SETSIZE; limiting max. # of open files to FD_SETSIZE
httperf --client=0/1 --server=192.168.3.75 --port=80 --uri=/ --rate=950 --send-buffer=4096 --recv-buffer=16384 --num-conns=40000 --num-calls=1
Maximum connect burst length: 4

Total: connections 40000 requests 40000 replies 40000 test-duration 42.105 s

Connection rate: 950.0 conn/s (1.1 ms/conn, <=59 concurrent connections)
Connection time [ms]: min 0.6 avg 1.5 max 68.9 median 1.5 stddev 3.9
Connection time [ms]: connect 0.3
Connection length [replies/conn]: 1.000

Request rate: 950.0 req/s (1.1 ms/req)
Request size [B]: 65.0

Reply rate [replies/s]: min 949.7 avg 950.0 max 950.1 stddev 0.1 (8 samples)
Reply time [ms]: response 1.2 transfer 0.0
Reply size [B]: header 252.0 content 4897.0 footer 0.0 (total 5149.0)
Reply status: 1xx=0 2xx=0 3xx=0 4xx=40000 5xx=0

CPU time [s]: user 13.37 system 28.70 (user 31.8% system 68.2% total 99.9%)
Net I/O: 4837.3 KB/s (39.6*10^6 bps)

Errors: total 0 client-timo 0 socket-timo 0 connrefused 0 connreset 0
Errors: fd-unavail 0 addrunavail 0 ftab-full 0 other 0
time is: 18
httperf: warning: open file limit > FD_SETSIZE; limiting max. # of open files to FD_SETSIZE
httperf --client=0/1 --server=192.168.3.75 --port=80 --uri=/ --rate=1000 --send-buffer=4096 --recv-buffer=16384 --num-conns=40000 --num-calls=1
Maximum connect burst length: 4

Total: connections 40000 requests 40000 replies 40000 test-duration 39.998 s

Connection rate: 1000.0 conn/s (1.0 ms/conn, <=90 concurrent connections)
Connection time [ms]: min 0.8 avg 1.5 max 91.6 median 1.5 stddev 4.8
Connection time [ms]: connect 0.3
Connection length [replies/conn]: 1.000

Request rate: 1000.0 req/s (1.0 ms/req)
Request size [B]: 65.0

Reply rate [replies/s]: min 999.7 avg 1000.0 max 1000.1 stddev 0.1 (8 samples)
Reply time [ms]: response 1.2 transfer 0.0
Reply size [B]: header 252.0 content 4897.0 footer 0.0 (total 5149.0)
Reply status: 1xx=0 2xx=0 3xx=0 4xx=40000 5xx=0

CPU time [s]: user 12.25 system 27.73 (user 30.6% system 69.3% total 99.9%)
Net I/O: 5092.0 KB/s (41.7*10^6 bps)

Errors: total 0 client-timo 0 socket-timo 0 connrefused 0 connreset 0
Errors: fd-unavail 0 addrunavail 0 ftab-full 0 other 0
time is: 19
httperf: warning: open file limit > FD_SETSIZE; limiting max. # of open files to FD_SETSIZE
httperf --client=0/1 --server=192.168.3.75 --port=80 --uri=/ --rate=1050 --send-buffer=4096 --recv-buffer=16384 --num-conns=40000 --num-calls=1
Maximum connect burst length: 4

Total: connections 40000 requests 40000 replies 40000 test-duration 38.100 s

Connection rate: 1049.9 conn/s (1.0 ms/conn, <=95 concurrent connections)
Connection time [ms]: min 0.7 avg 1.6 max 99.0 median 1.5 stddev 4.9
Connection time [ms]: connect 0.3
Connection length [replies/conn]: 1.000

Request rate: 1049.9 req/s (1.0 ms/req)
Request size [B]: 65.0

Reply rate [replies/s]: min 1049.5 avg 1049.9 max 1050.1 stddev 0.2 (7 samples)
Reply time [ms]: response 1.3 transfer 0.0
Reply size [B]: header 252.0 content 4897.0 footer 0.0 (total 5149.0)
Reply status: 1xx=0 2xx=0 3xx=0 4xx=40000 5xx=0

CPU time [s]: user 12.02 system 26.05 (user 31.6% system 68.4% total 99.9%)
Net I/O: 5345.7 KB/s (43.8*10^6 bps)

Errors: total 0 client-timo 0 socket-timo 0 connrefused 0 connreset 0
Errors: fd-unavail 0 addrunavail 0 ftab-full 0 other 0
time is: 20
httperf: warning: open file limit > FD_SETSIZE; limiting max. # of open files to FD_SETSIZE
httperf --client=0/1 --server=192.168.3.75 --port=80 --uri=/ --rate=1100 --send-buffer=4096 --recv-buffer=16384 --num-conns=40000 --num-calls=1
Maximum connect burst length: 11

Total: connections 40000 requests 40000 replies 40000 test-duration 36.365 s

Connection rate: 1100.0 conn/s (0.9 ms/conn, <=108 concurrent connections)
Connection time [ms]: min 0.8 avg 2.5 max 1006.4 median 1.5 stddev 8.6
Connection time [ms]: connect 0.4
Connection length [replies/conn]: 1.000

Request rate: 1100.0 req/s (0.9 ms/req)
Request size [B]: 65.0

Reply rate [replies/s]: min 1099.7 avg 1099.9 max 1100.1 stddev 0.1 (7 samples)
Reply time [ms]: response 2.2 transfer 0.0
Reply size [B]: header 252.0 content 4897.0 footer 0.0 (total 5149.0)
Reply status: 1xx=0 2xx=0 3xx=0 4xx=40000 5xx=0

CPU time [s]: user 10.62 system 25.66 (user 29.2% system 70.6% total 99.8%)
Net I/O: 5600.7 KB/s (45.9*10^6 bps)

Errors: total 0 client-timo 0 socket-timo 0 connrefused 0 connreset 0
Errors: fd-unavail 0 addrunavail 0 ftab-full 0 other 0
time is: 21
httperf: warning: open file limit > FD_SETSIZE; limiting max. # of open files to FD_SETSIZE
httperf --client=0/1 --server=192.168.3.75 --port=80 --uri=/ --rate=1150 --send-buffer=4096 --recv-buffer=16384 --num-conns=80000 --num-calls=1
Maximum connect burst length: 4

Total: connections 80000 requests 80000 replies 80000 test-duration 69.562 s

Connection rate: 1150.0 conn/s (0.9 ms/conn, <=109 concurrent connections)
Connection time [ms]: min 0.5 avg 1.9 max 103.5 median 1.5 stddev 5.6
Connection time [ms]: connect 0.3
Connection length [replies/conn]: 1.000

Request rate: 1150.0 req/s (0.9 ms/req)
Request size [B]: 65.0

Reply rate [replies/s]: min 1148.7 avg 1150.0 max 1150.9 stddev 0.5 (13 samples)
Reply time [ms]: response 1.6 transfer 0.0
Reply size [B]: header 252.0 content 4897.0 footer 0.0 (total 5149.0)
Reply status: 1xx=0 2xx=0 3xx=0 4xx=80000 5xx=0

CPU time [s]: user 20.78 system 48.74 (user 29.9% system 70.1% total 99.9%)
Net I/O: 5855.8 KB/s (48.0*10^6 bps)

Errors: total 0 client-timo 0 socket-timo 0 connrefused 0 connreset 0
Errors: fd-unavail 0 addrunavail 0 ftab-full 0 other 0
time is: 22
httperf: warning: open file limit > FD_SETSIZE; limiting max. # of open files to FD_SETSIZE
httperf --client=0/1 --server=192.168.3.75 --port=80 --uri=/ --rate=1200 --send-buffer=4096 --recv-buffer=16384 --num-conns=80000 --num-calls=1
Maximum connect burst length: 5

Total: connections 80000 requests 80000 replies 80000 test-duration 66.662 s

Connection rate: 1200.1 conn/s (0.8 ms/conn, <=116 concurrent connections)
Connection time [ms]: min 0.8 avg 1.8 max 201.2 median 1.5 stddev 5.4
Connection time [ms]: connect 0.4
Connection length [replies/conn]: 1.000

Request rate: 1200.1 req/s (0.8 ms/req)
Request size [B]: 65.0

Reply rate [replies/s]: min 1199.7 avg 1200.1 max 1200.1 stddev 0.1 (13 samples)
Reply time [ms]: response 1.5 transfer 0.0
Reply size [B]: header 252.0 content 4897.0 footer 0.0 (total 5149.0)
Reply status: 1xx=0 2xx=0 3xx=0 4xx=80000 5xx=0

CPU time [s]: user 20.07 system 46.54 (user 30.1% system 69.8% total 99.9%)
Net I/O: 6110.6 KB/s (50.1*10^6 bps)

Errors: total 0 client-timo 0 socket-timo 0 connrefused 0 connreset 0
Errors: fd-unavail 0 addrunavail 0 ftab-full 0 other 0
time is: 23
httperf: warning: open file limit > FD_SETSIZE; limiting max. # of open files to FD_SETSIZE
httperf --client=0/1 --server=192.168.3.75 --port=80 --uri=/ --rate=1250 --send-buffer=4096 --recv-buffer=16384 --num-conns=80000 --num-calls=1
Maximum connect burst length: 4

Total: connections 80000 requests 80000 replies 80000 test-duration 63.992 s

Connection rate: 1250.1 conn/s (0.8 ms/conn, <=137 concurrent connections)
Connection time [ms]: min 0.7 avg 2.1 max 117.6 median 1.5 stddev 6.8
Connection time [ms]: connect 0.4
Connection length [replies/conn]: 1.000

Request rate: 1250.1 req/s (0.8 ms/req)
Request size [B]: 65.0

Reply rate [replies/s]: min 1249.7 avg 1250.1 max 1250.3 stddev 0.2 (12 samples)
Reply time [ms]: response 1.7 transfer 0.0
Reply size [B]: header 252.0 content 4897.0 footer 0.0 (total 5149.0)
Reply status: 1xx=0 2xx=0 3xx=0 4xx=80000 5xx=0

CPU time [s]: user 18.98 system 44.97 (user 29.7% system 70.3% total 99.9%)
Net I/O: 6365.5 KB/s (52.1*10^6 bps)

Errors: total 0 client-timo 0 socket-timo 0 connrefused 0 connreset 0
Errors: fd-unavail 0 addrunavail 0 ftab-full 0 other 0
time is: 24
httperf: warning: open file limit > FD_SETSIZE; limiting max. # of open files to FD_SETSIZE
httperf --client=0/1 --server=192.168.3.75 --port=80 --uri=/ --rate=1300 --send-buffer=4096 --recv-buffer=16384 --num-conns=80000 --num-calls=1
Maximum connect burst length: 11

Total: connections 80000 requests 80000 replies 80000 test-duration 61.532 s

Connection rate: 1300.1 conn/s (0.8 ms/conn, <=125 concurrent connections)
Connection time [ms]: min 0.8 avg 2.5 max 107.1 median 1.5 stddev 6.1
Connection time [ms]: connect 0.4
Connection length [replies/conn]: 1.000

Request rate: 1300.1 req/s (0.8 ms/req)
Request size [B]: 65.0

Reply rate [replies/s]: min 1299.1 avg 1300.1 max 1300.7 stddev 0.4 (12 samples)
Reply time [ms]: response 2.1 transfer 0.0
Reply size [B]: header 252.0 content 4897.0 footer 0.0 (total 5149.0)
Reply status: 1xx=0 2xx=0 3xx=0 4xx=80000 5xx=0

CPU time [s]: user 17.32 system 44.11 (user 28.1% system 71.7% total 99.8%)
Net I/O: 6620.1 KB/s (54.2*10^6 bps)

Errors: total 0 client-timo 0 socket-timo 0 connrefused 0 connreset 0
Errors: fd-unavail 0 addrunavail 0 ftab-full 0 other 0
time is: 25
httperf: warning: open file limit > FD_SETSIZE; limiting max. # of open files to FD_SETSIZE
httperf --client=0/1 --server=192.168.3.75 --port=80 --uri=/ --rate=1350 --send-buffer=4096 --recv-buffer=16384 --num-conns=80000 --num-calls=1
Maximum connect burst length: 6

Total: connections 80000 requests 80000 replies 80000 test-duration 59.266 s

Connection rate: 1349.9 conn/s (0.7 ms/conn, <=165 concurrent connections)
Connection time [ms]: min 0.5 avg 2.6 max 131.9 median 1.5 stddev 8.7
Connection time [ms]: connect 0.4
Connection length [replies/conn]: 1.000

Request rate: 1349.9 req/s (0.7 ms/req)
Request size [B]: 65.0

Reply rate [replies/s]: min 1349.1 avg 1349.9 max 1350.7 stddev 0.4 (11 samples)
Reply time [ms]: response 2.2 transfer 0.0
Reply size [B]: header 252.0 content 4897.0 footer 0.0 (total 5149.0)
Reply status: 1xx=0 2xx=0 3xx=0 4xx=80000 5xx=0

CPU time [s]: user 16.77 system 42.44 (user 28.3% system 71.6% total 99.9%)
Net I/O: 6873.2 KB/s (56.3*10^6 bps)

Errors: total 0 client-timo 0 socket-timo 0 connrefused 0 connreset 0
Errors: fd-unavail 0 addrunavail 0 ftab-full 0 other 0
time is: 26
httperf: warning: open file limit > FD_SETSIZE; limiting max. # of open files to FD_SETSIZE
httperf --client=0/1 --server=192.168.3.75 --port=80 --uri=/ --rate=1400 --send-buffer=4096 --recv-buffer=16384 --num-conns=80000 --num-calls=1
Maximum connect burst length: 4

Total: connections 80000 requests 80000 replies 80000 test-duration 57.145 s

Connection rate: 1399.9 conn/s (0.7 ms/conn, <=169 concurrent connections)
Connection time [ms]: min 0.9 avg 2.5 max 127.4 median 1.5 stddev 7.9
Connection time [ms]: connect 0.4
Connection length [replies/conn]: 1.000

Request rate: 1399.9 req/s (0.7 ms/req)
Request size [B]: 65.0

Reply rate [replies/s]: min 1399.5 avg 1399.9 max 1400.3 stddev 0.3 (11 samples)
Reply time [ms]: response 2.1 transfer 0.0
Reply size [B]: header 252.0 content 4897.0 footer 0.0 (total 5149.0)
Reply status: 1xx=0 2xx=0 3xx=0 4xx=80000 5xx=0

CPU time [s]: user 16.35 system 40.75 (user 28.6% system 71.3% total 99.9%)
Net I/O: 7128.2 KB/s (58.4*10^6 bps)

Errors: total 0 client-timo 0 socket-timo 0 connrefused 0 connreset 0
Errors: fd-unavail 0 addrunavail 0 ftab-full 0 other 0
time is: 27
httperf: warning: open file limit > FD_SETSIZE; limiting max. # of open files to FD_SETSIZE
httperf --client=0/1 --server=192.168.3.75 --port=80 --uri=/ --rate=1450 --send-buffer=4096 --recv-buffer=16384 --num-conns=80000 --num-calls=1
Maximum connect burst length: 6

Total: connections 80000 requests 80000 replies 80000 test-duration 55.181 s

Connection rate: 1449.8 conn/s (0.7 ms/conn, <=222 concurrent connections)
Connection time [ms]: min 0.8 avg 3.9 max 1017.7 median 1.5 stddev 26.9
Connection time [ms]: connect 0.5
Connection length [replies/conn]: 1.000

Request rate: 1449.8 req/s (0.7 ms/req)
Request size [B]: 65.0

Reply rate [replies/s]: min 1448.1 avg 1449.8 max 1451.5 stddev 0.8 (11 samples)
Reply time [ms]: response 3.4 transfer 0.0
Reply size [B]: header 252.0 content 4897.0 footer 0.0 (total 5149.0)
Reply status: 1xx=0 2xx=0 3xx=0 4xx=80000 5xx=0

CPU time [s]: user 14.63 system 40.50 (user 26.5% system 73.4% total 99.9%)
Net I/O: 7381.9 KB/s (60.5*10^6 bps)

Errors: total 0 client-timo 0 socket-timo 0 connrefused 0 connreset 0
Errors: fd-unavail 0 addrunavail 0 ftab-full 0 other 0
time is: 28
httperf: warning: open file limit > FD_SETSIZE; limiting max. # of open files to FD_SETSIZE
httperf --client=0/1 --server=192.168.3.75 --port=80 --uri=/ --rate=1500 --send-buffer=4096 --recv-buffer=16384 --num-conns=80000 --num-calls=1
Maximum connect burst length: 13

Total: connections 80000 requests 80000 replies 80000 test-duration 53.330 s

Connection rate: 1500.1 conn/s (0.7 ms/conn, <=214 concurrent connections)
Connection time [ms]: min 0.7 avg 3.9 max 1017.4 median 1.5 stddev 18.5
Connection time [ms]: connect 0.5
Connection length [replies/conn]: 1.000

Request rate: 1500.1 req/s (0.7 ms/req)
Request size [B]: 65.0

Reply rate [replies/s]: min 1499.1 avg 1499.9 max 1500.5 stddev 0.4 (10 samples)
Reply time [ms]: response 3.3 transfer 0.0
Reply size [B]: header 252.0 content 4897.0 footer 0.0 (total 5149.0)
Reply status: 1xx=0 2xx=0 3xx=0 4xx=80000 5xx=0

CPU time [s]: user 14.02 system 39.21 (user 26.3% system 73.5% total 99.8%)
Net I/O: 7638.1 KB/s (62.6*10^6 bps)

Errors: total 0 client-timo 0 socket-timo 0 connrefused 0 connreset 0
Errors: fd-unavail 0 addrunavail 0 ftab-full 0 other 0
time is: 29
httperf: warning: open file limit > FD_SETSIZE; limiting max. # of open files to FD_SETSIZE
httperf --client=0/1 --server=192.168.3.75 --port=80 --uri=/ --rate=1550 --send-buffer=4096 --recv-buffer=16384 --num-conns=80000 --num-calls=1
Maximum connect burst length: 5

Total: connections 80000 requests 80000 replies 80000 test-duration 51.616 s

Connection rate: 1549.9 conn/s (0.6 ms/conn, <=174 concurrent connections)
Connection time [ms]: min 1.0 avg 2.9 max 122.9 median 1.5 stddev 6.3
Connection time [ms]: connect 0.5
Connection length [replies/conn]: 1.000

Request rate: 1549.9 req/s (0.6 ms/req)
Request size [B]: 65.0

Reply rate [replies/s]: min 1548.9 avg 1549.8 max 1550.1 stddev 0.4 (10 samples)
Reply time [ms]: response 2.3 transfer 0.0
Reply size [B]: header 252.0 content 4897.0 footer 0.0 (total 5149.0)
Reply status: 1xx=0 2xx=0 3xx=0 4xx=80000 5xx=0

CPU time [s]: user 13.65 system 37.92 (user 26.4% system 73.5% total 99.9%)
Net I/O: 7891.7 KB/s (64.6*10^6 bps)

Errors: total 0 client-timo 0 socket-timo 0 connrefused 0 connreset 0
Errors: fd-unavail 0 addrunavail 0 ftab-full 0 other 0
time is: 30
httperf: warning: open file limit > FD_SETSIZE; limiting max. # of open files to FD_SETSIZE
httperf --client=0/1 --server=192.168.3.75 --port=80 --uri=/ --rate=1600 --send-buffer=4096 --recv-buffer=16384 --num-conns=80000 --num-calls=1
Maximum connect burst length: 2

Total: connections 80000 requests 80000 replies 80000 test-duration 49.993 s

Connection rate: 1600.2 conn/s (0.6 ms/conn, <=249 concurrent connections)
Connection time [ms]: min 0.9 avg 5.2 max 1020.1 median 1.5 stddev 23.3
Connection time [ms]: connect 0.6
Connection length [replies/conn]: 1.000

Request rate: 1600.2 req/s (0.6 ms/req)
Request size [B]: 65.0

Reply rate [replies/s]: min 1597.9 avg 1600.0 max 1601.9 stddev 1.4 (9 samples)
Reply time [ms]: response 4.6 transfer 0.0
Reply size [B]: header 252.0 content 4897.0 footer 0.0 (total 5149.0)
Reply status: 1xx=0 2xx=0 3xx=0 4xx=80000 5xx=0

CPU time [s]: user 12.09 system 37.86 (user 24.2% system 75.7% total 99.9%)
Net I/O: 8148.0 KB/s (66.7*10^6 bps)

Errors: total 0 client-timo 0 socket-timo 0 connrefused 0 connreset 0
Errors: fd-unavail 0 addrunavail 0 ftab-full 0 other 0
time is: 31
httperf: warning: open file limit > FD_SETSIZE; limiting max. # of open files to FD_SETSIZE
httperf --client=0/1 --server=192.168.3.75 --port=80 --uri=/ --rate=1650 --send-buffer=4096 --recv-buffer=16384 --num-conns=110000 --num-calls=1
Maximum connect burst length: 5

Total: connections 110000 requests 110000 replies 110000 test-duration 66.669 s

Connection rate: 1650.0 conn/s (0.6 ms/conn, <=226 concurrent connections)
Connection time [ms]: min 0.9 avg 4.7 max 1011.7 median 1.5 stddev 14.2
Connection time [ms]: connect 0.7
Connection length [replies/conn]: 1.000

Request rate: 1650.0 req/s (0.6 ms/req)
Request size [B]: 65.0

Reply rate [replies/s]: min 1647.3 avg 1649.9 max 1651.3 stddev 1.2 (13 samples)
Reply time [ms]: response 4.0 transfer 0.0
Reply size [B]: header 252.0 content 4897.0 footer 0.0 (total 5149.0)
Reply status: 1xx=0 2xx=0 3xx=0 4xx=110000 5xx=0

CPU time [s]: user 16.10 system 50.50 (user 24.2% system 75.8% total 99.9%)
Net I/O: 8401.2 KB/s (68.8*10^6 bps)

Errors: total 0 client-timo 0 socket-timo 0 connrefused 0 connreset 0
Errors: fd-unavail 0 addrunavail 0 ftab-full 0 other 0
time is: 32
httperf: warning: open file limit > FD_SETSIZE; limiting max. # of open files to FD_SETSIZE
httperf --client=0/1 --server=192.168.3.75 --port=80 --uri=/ --rate=1700 --send-buffer=4096 --recv-buffer=16384 --num-conns=110000 --num-calls=1
Maximum connect burst length: 14

Total: connections 110000 requests 110000 replies 110000 test-duration 64.701 s

Connection rate: 1700.1 conn/s (0.6 ms/conn, <=295 concurrent connections)
Connection time [ms]: min 1.0 avg 7.1 max 1022.4 median 2.5 stddev 28.7
Connection time [ms]: connect 0.8
Connection length [replies/conn]: 1.000

Request rate: 1700.1 req/s (0.6 ms/req)
Request size [B]: 65.0

Reply rate [replies/s]: min 1697.2 avg 1700.0 max 1702.9 stddev 1.7 (12 samples)
Reply time [ms]: response 6.2 transfer 0.0
Reply size [B]: header 252.0 content 4897.0 footer 0.0 (total 5149.0)
Reply status: 1xx=0 2xx=0 3xx=0 4xx=110000 5xx=0

CPU time [s]: user 14.27 system 50.30 (user 22.1% system 77.7% total 99.8%)
Net I/O: 8656.7 KB/s (70.9*10^6 bps)

Errors: total 0 client-timo 0 socket-timo 0 connrefused 0 connreset 0
Errors: fd-unavail 0 addrunavail 0 ftab-full 0 other 0
time is: 33
httperf: warning: open file limit > FD_SETSIZE; limiting max. # of open files to FD_SETSIZE
httperf --client=0/1 --server=192.168.3.75 --port=80 --uri=/ --rate=1750 --send-buffer=4096 --recv-buffer=16384 --num-conns=110000 --num-calls=1
Maximum connect burst length: 8

Total: connections 110000 requests 110000 replies 110000 test-duration 62.865 s

Connection rate: 1749.8 conn/s (0.6 ms/conn, <=250 concurrent connections)
Connection time [ms]: min 1.1 avg 6.4 max 1015.3 median 2.5 stddev 15.4
Connection time [ms]: connect 0.9
Connection length [replies/conn]: 1.000

Request rate: 1749.8 req/s (0.6 ms/req)
Request size [B]: 65.0

Reply rate [replies/s]: min 1745.9 avg 1749.8 max 1753.7 stddev 2.5 (12 samples)
Reply time [ms]: response 5.5 transfer 0.0
Reply size [B]: header 252.0 content 4897.0 footer 0.0 (total 5149.0)
Reply status: 1xx=0 2xx=0 3xx=0 4xx=110000 5xx=0

CPU time [s]: user 14.02 system 48.79 (user 22.3% system 77.6% total 99.9%)
Net I/O: 8909.5 KB/s (73.0*10^6 bps)

Errors: total 0 client-timo 0 socket-timo 0 connrefused 0 connreset 0
Errors: fd-unavail 0 addrunavail 0 ftab-full 0 other 0
time is: 34
httperf: warning: open file limit > FD_SETSIZE; limiting max. # of open files to FD_SETSIZE
httperf --client=0/1 --server=192.168.3.75 --port=80 --uri=/ --rate=1800 --send-buffer=4096 --recv-buffer=16384 --num-conns=110000 --num-calls=1
Maximum connect burst length: 3

Total: connections 110000 requests 110000 replies 110000 test-duration 62.116 s

Connection rate: 1770.9 conn/s (0.6 ms/conn, <=296 concurrent connections)
Connection time [ms]: min 1.2 avg 10.3 max 1092.8 median 3.5 stddev 32.6
Connection time [ms]: connect 1.2
Connection length [replies/conn]: 1.000

Request rate: 1770.9 req/s (0.6 ms/req)
Request size [B]: 65.0

Reply rate [replies/s]: min 1792.9 avg 1799.4 max 1807.7 stddev 3.8 (12 samples)
Reply time [ms]: response 9.1 transfer 0.0
Reply size [B]: header 252.0 content 4897.0 footer 0.0 (total 5149.0)
Reply status: 1xx=0 2xx=0 3xx=0 4xx=110000 5xx=0

CPU time [s]: user 12.40 system 49.66 (user 20.0% system 80.0% total 99.9%)
Net I/O: 9016.9 KB/s (73.9*10^6 bps)

Errors: total 0 client-timo 0 socket-timo 0 connrefused 0 connreset 0
Errors: fd-unavail 0 addrunavail 0 ftab-full 0 other 0
time is: 35
httperf: warning: open file limit > FD_SETSIZE; limiting max. # of open files to FD_SETSIZE
httperf --client=0/1 --server=192.168.3.75 --port=80 --uri=/ --rate=1850 --send-buffer=4096 --recv-buffer=16384 --num-conns=110000 --num-calls=1
Maximum connect burst length: 6

Total: connections 110000 requests 110000 replies 110000 test-duration 60.431 s

Connection rate: 1820.2 conn/s (0.5 ms/conn, <=336 concurrent connections)
Connection time [ms]: min 1.1 avg 11.6 max 1296.5 median 5.5 stddev 38.7
Connection time [ms]: connect 1.7
Connection length [replies/conn]: 1.000

Request rate: 1820.2 req/s (0.5 ms/req)
Request size [B]: 65.0

Reply rate [replies/s]: min 1651.1 avg 1833.4 max 1904.5 stddev 62.0 (12 samples)
Reply time [ms]: response 9.9 transfer 0.0
Reply size [B]: header 252.0 content 4897.0 footer 0.0 (total 5149.0)
Reply status: 1xx=0 2xx=0 3xx=0 4xx=110000 5xx=0

CPU time [s]: user 10.63 system 49.70 (user 17.6% system 82.2% total 99.8%)
Net I/O: 9268.3 KB/s (75.9*10^6 bps)

Errors: total 0 client-timo 0 socket-timo 0 connrefused 0 connreset 0
Errors: fd-unavail 0 addrunavail 0 ftab-full 0 other 0
time is: 36
httperf: warning: open file limit > FD_SETSIZE; limiting max. # of open files to FD_SETSIZE
httperf --client=0/1 --server=192.168.3.75 --port=80 --uri=/ --rate=1900 --send-buffer=4096 --recv-buffer=16384 --num-conns=110000 --num-calls=1
Maximum connect burst length: 15

Total: connections 110000 requests 110000 replies 110000 test-duration 57.919 s

Connection rate: 1899.2 conn/s (0.5 ms/conn, <=727 concurrent connections)
Connection time [ms]: min 1.1 avg 79.7 max 10042.1 median 11.5 stddev 342.0
Connection time [ms]: connect 12.1
Connection length [replies/conn]: 1.000

Request rate: 1899.2 req/s (0.5 ms/req)
Request size [B]: 65.0

Reply rate [replies/s]: min 1830.5 avg 1898.9 max 2009.0 stddev 44.8 (11 samples)
Reply time [ms]: response 67.6 transfer 0.0
Reply size [B]: header 251.0 content 4896.0 footer 0.0 (total 5147.0)
Reply status: 1xx=0 2xx=0 3xx=0 4xx=109982 5xx=18

CPU time [s]: user 7.38 system 50.45 (user 12.7% system 87.1% total 99.9%)
Net I/O: 9668.8 KB/s (79.2*10^6 bps)

Errors: total 0 client-timo 0 socket-timo 0 connrefused 0 connreset 0
Errors: fd-unavail 0 addrunavail 0 ftab-full 0 other 0
time is: 37
httperf: warning: open file limit > FD_SETSIZE; limiting max. # of open files to FD_SETSIZE
httperf --client=0/1 --server=192.168.3.75 --port=80 --uri=/ --rate=1950 --send-buffer=4096 --recv-buffer=16384 --num-conns=110000 --num-calls=1
Maximum connect burst length: 6

Total: connections 110000 requests 110000 replies 110000 test-duration 56.432 s

Connection rate: 1949.2 conn/s (0.5 ms/conn, <=214 concurrent connections)
Connection time [ms]: min 1.0 avg 7.7 max 1232.7 median 2.5 stddev 39.6
Connection time [ms]: connect 2.1
Connection length [replies/conn]: 1.000

Request rate: 1949.2 req/s (0.5 ms/req)
Request size [B]: 65.0

Reply rate [replies/s]: min 1942.9 avg 1949.8 max 1956.9 stddev 3.2 (11 samples)
Reply time [ms]: response 5.5 transfer 0.0
Reply size [B]: header 252.0 content 4897.0 footer 0.0 (total 5149.0)
Reply status: 1xx=0 2xx=0 3xx=0 4xx=110000 5xx=0

CPU time [s]: user 11.50 system 44.88 (user 20.4% system 79.5% total 99.9%)
Net I/O: 9925.2 KB/s (81.3*10^6 bps)

Errors: total 0 client-timo 0 socket-timo 0 connrefused 0 connreset 0
Errors: fd-unavail 0 addrunavail 0 ftab-full 0 other 0
time is: 38
httperf: warning: open file limit > FD_SETSIZE; limiting max. # of open files to FD_SETSIZE
httperf --client=0/1 --server=192.168.3.75 --port=80 --uri=/ --rate=2000 --send-buffer=4096 --recv-buffer=16384 --num-conns=110000 --num-calls=1
Maximum connect burst length: 9

Total: connections 109850 requests 109850 replies 109850 test-duration 54.999 s

Connection rate: 1997.3 conn/s (0.5 ms/conn, <=1022 concurrent connections)
Connection time [ms]: min 1.0 avg 90.6 max 8370.9 median 4.5 stddev 348.5
Connection time [ms]: connect 12.0
Connection length [replies/conn]: 1.000

Request rate: 1997.3 req/s (0.5 ms/req)
Request size [B]: 65.0

Reply rate [replies/s]: min 1871.9 avg 1997.3 max 2192.0 stddev 85.6 (11 samples)
Reply time [ms]: response 78.5 transfer 0.0
Reply size [B]: header 251.0 content 4896.0 footer 0.0 (total 5147.0)
Reply status: 1xx=0 2xx=0 3xx=0 4xx=109830 5xx=20

CPU time [s]: user 7.35 system 47.59 (user 13.4% system 86.5% total 99.9%)
Net I/O: 10168.1 KB/s (83.3*10^6 bps)

Errors: total 150 client-timo 0 socket-timo 0 connrefused 0 connreset 0
Errors: fd-unavail 150 addrunavail 0 ftab-full 0 other 0
time is: 39
httperf: warning: open file limit > FD_SETSIZE; limiting max. # of open files to FD_SETSIZE
httperf --client=0/1 --server=192.168.3.75 --port=80 --uri=/ --rate=2050 --send-buffer=4096 --recv-buffer=16384 --num-conns=110000 --num-calls=1
Maximum connect burst length: 6

Total: connections 110000 requests 110000 replies 110000 test-duration 53.669 s

Connection rate: 2049.6 conn/s (0.5 ms/conn, <=239 concurrent connections)
Connection time [ms]: min 1.0 avg 11.9 max 1263.1 median 5.5 stddev 49.4
Connection time [ms]: connect 3.8
Connection length [replies/conn]: 1.000

Request rate: 2049.6 req/s (0.5 ms/req)
Request size [B]: 65.0

Reply rate [replies/s]: min 2042.5 avg 2049.9 max 2056.7 stddev 3.8 (10 samples)
Reply time [ms]: response 8.0 transfer 0.0
Reply size [B]: header 252.0 content 4897.0 footer 0.0 (total 5149.0)
Reply status: 1xx=0 2xx=0 3xx=0 4xx=110000 5xx=0

CPU time [s]: user 9.24 system 44.38 (user 17.2% system 82.7% total 99.9%)
Net I/O: 10436.2 KB/s (85.5*10^6 bps)

Errors: total 0 client-timo 0 socket-timo 0 connrefused 0 connreset 0
Errors: fd-unavail 0 addrunavail 0 ftab-full 0 other 0
time is: 40
httperf: warning: open file limit > FD_SETSIZE; limiting max. # of open files to FD_SETSIZE
httperf --client=0/1 --server=192.168.3.75 --port=80 --uri=/ --rate=2100 --send-buffer=4096 --recv-buffer=16384 --num-conns=110000 --num-calls=1
Maximum connect burst length: 27

Total: connections 105826 requests 105826 replies 105826 test-duration 55.801 s

Connection rate: 1896.5 conn/s (0.5 ms/conn, <=1022 concurrent connections)
Connection time [ms]: min 1.0 avg 213.1 max 15035.5 median 37.5 stddev 638.8
Connection time [ms]: connect 45.1
Connection length [replies/conn]: 1.000

Request rate: 1896.5 req/s (0.5 ms/req)
Request size [B]: 65.0

Reply rate [replies/s]: min 1089.5 avg 1924.2 max 2300.4 stddev 314.5 (11 samples)
Reply time [ms]: response 167.8 transfer 0.1
Reply size [B]: header 251.0 content 4893.0 footer 0.0 (total 5144.0)
Reply status: 1xx=0 2xx=0 3xx=0 4xx=105739 5xx=87

CPU time [s]: user 4.78 system 50.90 (user 8.6% system 91.2% total 99.8%)
Net I/O: 9648.9 KB/s (79.0*10^6 bps)

Errors: total 4174 client-timo 0 socket-timo 0 connrefused 0 connreset 0
Errors: fd-unavail 4174 addrunavail 0 ftab-full 0 other 0
time is: 41
httperf: warning: open file limit > FD_SETSIZE; limiting max. # of open files to FD_SETSIZE
httperf --client=0/1 --server=192.168.3.75 --port=80 --uri=/ --rate=2150 --send-buffer=4096 --recv-buffer=16384 --num-conns=110000 --num-calls=1
Maximum connect burst length: 12

Total: connections 101771 requests 101771 replies 101771 test-duration 58.792 s

Connection rate: 1731.0 conn/s (0.6 ms/conn, <=1022 concurrent connections)
Connection time [ms]: min 1.0 avg 377.2 max 31045.0 median 58.5 stddev 916.6
Connection time [ms]: connect 146.8
Connection length [replies/conn]: 1.000

Request rate: 1731.0 req/s (0.6 ms/req)
Request size [B]: 65.0

Reply rate [replies/s]: min 689.5 avg 1850.4 max 2238.4 stddev 408.2 (11 samples)
Reply time [ms]: response 230.3 transfer 0.1
Reply size [B]: header 251.0 content 4890.0 footer 0.0 (total 5141.0)
Reply status: 1xx=0 2xx=0 3xx=0 4xx=101624 5xx=147

CPU time [s]: user 3.15 system 55.58 (user 5.4% system 94.5% total 99.9%)
Net I/O: 8801.9 KB/s (72.1*10^6 bps)

Errors: total 8229 client-timo 0 socket-timo 0 connrefused 0 connreset 0
Errors: fd-unavail 8229 addrunavail 0 ftab-full 0 other 0
time is: 42
httperf: warning: open file limit > FD_SETSIZE; limiting max. # of open files to FD_SETSIZE
httperf --client=0/1 --server=192.168.3.75 --port=80 --uri=/ --rate=2200 --send-buffer=4096 --recv-buffer=16384 --num-conns=110000 --num-calls=1
Maximum connect burst length: 9

Total: connections 100282 requests 100282 replies 100282 test-duration 56.327 s

Connection rate: 1780.3 conn/s (0.6 ms/conn, <=1022 concurrent connections)
Connection time [ms]: min 1.0 avg 361.1 max 17208.7 median 59.5 stddev 803.7
Connection time [ms]: connect 159.9
Connection length [replies/conn]: 1.000

Request rate: 1780.3 req/s (0.6 ms/req)
Request size [B]: 65.0

Reply rate [replies/s]: min 208.8 avg 1823.4 max 2382.2 stddev 563.1 (11 samples)
Reply time [ms]: response 200.9 transfer 0.4
Reply size [B]: header 251.0 content 4896.0 footer 0.0 (total 5147.0)
Reply status: 1xx=0 2xx=0 3xx=0 4xx=100272 5xx=10

CPU time [s]: user 3.80 system 52.47 (user 6.7% system 93.1% total 99.9%)
Net I/O: 9064.3 KB/s (74.3*10^6 bps)

Errors: total 9718 client-timo 0 socket-timo 0 connrefused 0 connreset 0
Errors: fd-unavail 9718 addrunavail 0 ftab-full 0 other 0
time is: 43
httperf: warning: open file limit > FD_SETSIZE; limiting max. # of open files to FD_SETSIZE
httperf --client=0/1 --server=192.168.3.75 --port=80 --uri=/ --rate=2250 --send-buffer=4096 --recv-buffer=16384 --num-conns=110000 --num-calls=1
Maximum connect burst length: 10

Total: connections 97543 requests 97543 replies 97543 test-duration 65.882 s

Connection rate: 1480.6 conn/s (0.7 ms/conn, <=1022 concurrent connections)
Connection time [ms]: min 0.6 avg 383.0 max 33774.4 median 60.5 stddev 896.2
Connection time [ms]: connect 174.5
Connection length [replies/conn]: 1.000

Request rate: 1480.6 req/s (0.7 ms/req)
Request size [B]: 65.0

Reply rate [replies/s]: min 0.8 avg 1500.7 max 2272.6 stddev 865.2 (13 samples)
Reply time [ms]: response 208.5 transfer 0.0
Reply size [B]: header 251.0 content 4896.0 footer 0.0 (total 5147.0)
Reply status: 1xx=0 2xx=0 3xx=0 4xx=97529 5xx=14

CPU time [s]: user 4.82 system 60.98 (user 7.3% system 92.6% total 99.9%)
Net I/O: 7537.7 KB/s (61.7*10^6 bps)

Errors: total 12457 client-timo 0 socket-timo 0 connrefused 0 connreset 0
Errors: fd-unavail 12457 addrunavail 0 ftab-full 0 other 0
time is: 44
httperf: warning: open file limit > FD_SETSIZE; limiting max. # of open files to FD_SETSIZE
httperf --client=0/1 --server=192.168.3.75 --port=80 --uri=/ --rate=2300 --send-buffer=4096 --recv-buffer=16384 --num-conns=110000 --num-calls=1
Maximum connect burst length: 17

Total: connections 95814 requests 95814 replies 95814 test-duration 53.881 s

Connection rate: 1778.3 conn/s (0.6 ms/conn, <=1022 concurrent connections)
Connection time [ms]: min 0.9 avg 378.5 max 31127.3 median 60.5 stddev 847.8
Connection time [ms]: connect 170.8
Connection length [replies/conn]: 1.000

Request rate: 1778.3 req/s (0.6 ms/req)
Request size [B]: 65.0

Reply rate [replies/s]: min 1309.1 avg 1916.3 max 2483.8 stddev 305.5 (10 samples)
Reply time [ms]: response 207.7 transfer 0.1
Reply size [B]: header 251.0 content 4896.0 footer 0.0 (total 5147.0)
Reply status: 1xx=0 2xx=0 3xx=0 4xx=95810 5xx=4

CPU time [s]: user 3.59 system 50.22 (user 6.7% system 93.2% total 99.9%)
Net I/O: 9054.2 KB/s (74.2*10^6 bps)

Errors: total 14186 client-timo 0 socket-timo 0 connrefused 0 connreset 0
Errors: fd-unavail 14186 addrunavail 0 ftab-full 0 other 0
time is: 45
httperf: warning: open file limit > FD_SETSIZE; limiting max. # of open files to FD_SETSIZE
httperf --client=0/1 --server=192.168.3.75 --port=80 --uri=/ --rate=2350 --send-buffer=4096 --recv-buffer=16384 --num-conns=110000 --num-calls=1
Maximum connect burst length: 22

Total: connections 89410 requests 89410 replies 89410 test-duration 52.070 s

Connection rate: 1717.1 conn/s (0.6 ms/conn, <=1022 concurrent connections)
Connection time [ms]: min 0.9 avg 503.0 max 31147.1 median 67.5 stddev 967.4
Connection time [ms]: connect 233.9
Connection length [replies/conn]: 1.000

Request rate: 1717.1 req/s (0.6 ms/req)
Request size [B]: 65.0

Reply rate [replies/s]: min 1026.3 avg 1788.1 max 1928.5 stddev 271.1 (10 samples)
Reply time [ms]: response 269.0 transfer 0.1
Reply size [B]: header 251.0 content 4896.0 footer 0.0 (total 5147.0)
Reply status: 1xx=0 2xx=0 3xx=0 4xx=89401 5xx=9

CPU time [s]: user 2.04 system 49.92 (user 3.9% system 95.9% total 99.8%)
Net I/O: 8742.4 KB/s (71.6*10^6 bps)

Errors: total 20590 client-timo 0 socket-timo 0 connrefused 0 connreset 0
Errors: fd-unavail 20590 addrunavail 0 ftab-full 0 other 0
time is: 46
httperf: warning: open file limit > FD_SETSIZE; limiting max. # of open files to FD_SETSIZE
httperf --client=0/1 --server=192.168.3.75 --port=80 --uri=/ --rate=2400 --send-buffer=4096 --recv-buffer=16384 --num-conns=110000 --num-calls=1
Maximum connect burst length: 17

Total: connections 97474 requests 97474 replies 97474 test-duration 61.770 s

Connection rate: 1578.0 conn/s (0.6 ms/conn, <=1022 concurrent connections)
Connection time [ms]: min 0.5 avg 254.9 max 31070.8 median 13.5 stddev 744.6
Connection time [ms]: connect 115.8
Connection length [replies/conn]: 1.000

Request rate: 1578.0 req/s (0.6 ms/req)
Request size [B]: 65.0

Reply rate [replies/s]: min 2.2 avg 1624.6 max 2399.0 stddev 917.1 (12 samples)
Reply time [ms]: response 139.1 transfer 0.1
Reply size [B]: header 251.0 content 4895.0 footer 0.0 (total 5146.0)
Reply status: 1xx=0 2xx=0 3xx=0 4xx=97450 5xx=24

CPU time [s]: user 7.58 system 54.13 (user 12.3% system 87.6% total 99.9%)
Net I/O: 8033.1 KB/s (65.8*10^6 bps)

Errors: total 12526 client-timo 0 socket-timo 0 connrefused 0 connreset 0
Errors: fd-unavail 12526 addrunavail 0 ftab-full 0 other 0
time is: 47
httperf: warning: open file limit > FD_SETSIZE; limiting max. # of open files to FD_SETSIZE
httperf --client=0/1 --server=192.168.3.75 --port=80 --uri=/ --rate=2450 --send-buffer=4096 --recv-buffer=16384 --num-conns=110000 --num-calls=1
Maximum connect burst length: 6

Total: connections 95825 requests 95825 replies 95825 test-duration 58.649 s

Connection rate: 1633.9 conn/s (0.6 ms/conn, <=1022 concurrent connections)
Connection time [ms]: min 1.3 avg 336.8 max 31073.8 median 59.5 stddev 795.8
Connection time [ms]: connect 152.3
Connection length [replies/conn]: 1.000

Request rate: 1633.9 req/s (0.6 ms/req)
Request size [B]: 65.0

Reply rate [replies/s]: min 0.0 avg 1742.3 max 2576.8 stddev 907.0 (11 samples)
Reply time [ms]: response 184.5 transfer 0.0
Reply size [B]: header 251.0 content 4895.0 footer 0.0 (total 5146.0)
Reply status: 1xx=0 2xx=0 3xx=0 4xx=95805 5xx=20

CPU time [s]: user 5.04 system 53.55 (user 8.6% system 91.3% total 99.9%)
Net I/O: 8317.7 KB/s (68.1*10^6 bps)

Errors: total 14175 client-timo 0 socket-timo 0 connrefused 0 connreset 0
Errors: fd-unavail 14175 addrunavail 0 ftab-full 0 other 0
time is: 48
httperf: warning: open file limit > FD_SETSIZE; limiting max. # of open files to FD_SETSIZE
httperf --client=0/1 --server=192.168.3.75 --port=80 --uri=/ --rate=2500 --send-buffer=4096 --recv-buffer=16384 --num-conns=110000 --num-calls=1
Maximum connect burst length: 13

Total: connections 92105 requests 92105 replies 92105 test-duration 47.319 s

Connection rate: 1946.5 conn/s (0.5 ms/conn, <=1022 concurrent connections)
Connection time [ms]: min 1.0 avg 399.0 max 31063.3 median 62.5 stddev 837.3
Connection time [ms]: connect 179.8
Connection length [replies/conn]: 1.000

Request rate: 1946.5 req/s (0.5 ms/req)
Request size [B]: 65.0

Reply rate [replies/s]: min 1799.8 avg 2046.9 max 2691.6 stddev 284.3 (9 samples)
Reply time [ms]: response 219.2 transfer 0.0
Reply size [B]: header 251.0 content 4896.0 footer 0.0 (total 5147.0)
Reply status: 1xx=0 2xx=0 3xx=0 4xx=92100 5xx=5

CPU time [s]: user 2.72 system 44.54 (user 5.8% system 94.1% total 99.9%)
Net I/O: 9910.5 KB/s (81.2*10^6 bps)

Errors: total 17895 client-timo 0 socket-timo 0 connrefused 0 connreset 0
Errors: fd-unavail 17895 addrunavail 0 ftab-full 0 other 0
time is: 49
httperf: warning: open file limit > FD_SETSIZE; limiting max. # of open files to FD_SETSIZE
httperf --client=0/1 --server=192.168.3.75 --port=80 --uri=/ --rate=2550 --send-buffer=4096 --recv-buffer=16384 --num-conns=110000 --num-calls=1
Maximum connect burst length: 55

Total: connections 96785 requests 96785 replies 96785 test-duration 46.840 s

Connection rate: 2066.3 conn/s (0.5 ms/conn, <=1022 concurrent connections)
Connection time [ms]: min 1.3 avg 319.7 max 15082.9 median 58.5 stddev 696.7
Connection time [ms]: connect 139.0
Connection length [replies/conn]: 1.000

Request rate: 2066.3 req/s (0.5 ms/req)
Request size [B]: 65.0

Reply rate [replies/s]: min 1717.8 avg 2150.5 max 2700.2 stddev 363.5 (9 samples)
Reply time [ms]: response 180.7 transfer 0.0
Reply size [B]: header 251.0 content 4896.0 footer 0.0 (total 5147.0)
Reply status: 1xx=0 2xx=0 3xx=0 4xx=96771 5xx=14

CPU time [s]: user 2.94 system 43.70 (user 6.3% system 93.3% total 99.6%)
Net I/O: 10519.5 KB/s (86.2*10^6 bps)

Errors: total 13215 client-timo 0 socket-timo 0 connrefused 0 connreset 0
Errors: fd-unavail 13215 addrunavail 0 ftab-full 0 other 0
time is: 50
httperf: warning: open file limit > FD_SETSIZE; limiting max. # of open files to FD_SETSIZE
httperf --client=0/1 --server=192.168.3.75 --port=80 --uri=/ --rate=2600 --send-buffer=4096 --recv-buffer=16384 --num-conns=110000 --num-calls=1
Maximum connect burst length: 17

Total: connections 98534 requests 98534 replies 98534 test-duration 58.103 s

Connection rate: 1695.9 conn/s (0.6 ms/conn, <=1022 concurrent connections)
Connection time [ms]: min 0.9 avg 382.4 max 31072.5 median 60.5 stddev 796.6
Connection time [ms]: connect 173.1
Connection length [replies/conn]: 1.000

Request rate: 1695.9 req/s (0.6 ms/req)
Request size [B]: 65.0

Reply rate [replies/s]: min 0.4 avg 1791.6 max 2586.6 stddev 975.5 (11 samples)
Reply time [ms]: response 209.2 transfer 0.0
Reply size [B]: header 251.0 content 4896.0 footer 0.0 (total 5147.0)
Reply status: 1xx=0 2xx=0 3xx=0 4xx=98531 5xx=3

CPU time [s]: user 5.16 system 52.89 (user 8.9% system 91.0% total 99.9%)
Net I/O: 8634.7 KB/s (70.7*10^6 bps)

Errors: total 11466 client-timo 0 socket-timo 0 connrefused 0 connreset 0
Errors: fd-unavail 11466 addrunavail 0 ftab-full 0 other 0
